[error] Failed to fetch Firebase Project from Studio Workspace because WORKSPACE_SLUG environment variable is empty
[error] Failed to fetch Firebase Project from Studio Workspace because WORKSPACE_SLUG environment variable is empty
[error] Failed to fetch Firebase Project from Studio Workspace because WORKSPACE_SLUG environment variable is empty
[error] Failed to fetch Firebase Project from Studio Workspace because WORKSPACE_SLUG environment variable is empty
[debug] [2025-11-13T03:39:46.115Z] > command requires scopes: ["email","openid","https://www.googleapis.com/auth/cloudplatformprojects.readonly","https://www.googleapis.com/auth/firebase","https://www.googleapis.com/auth/cloud-platform","https://www.googleapis.com/auth/userinfo.email"]
[debug] [2025-11-13T03:39:46.120Z] > command requires scopes: ["email","openid","https://www.googleapis.com/auth/cloudplatformprojects.readonly","https://www.googleapis.com/auth/firebase","https://www.googleapis.com/auth/cloud-platform","https://www.googleapis.com/auth/userinfo.email"]
[debug] [2025-11-13T03:40:16.589Z] Running auto auth
[debug] [2025-11-13T03:40:16.590Z] Running auto auth
[error] Failed to fetch Firebase Project from Studio Workspace because WORKSPACE_SLUG environment variable is empty
[error] Failed to fetch Firebase Project from Studio Workspace because WORKSPACE_SLUG environment variable is empty
[error] Failed to fetch Firebase Project from Studio Workspace because WORKSPACE_SLUG environment variable is empty
[debug] [2025-11-13T03:40:16.783Z] > command requires scopes: ["email","openid","https://www.googleapis.com/auth/cloudplatformprojects.readonly","https://www.googleapis.com/auth/firebase","https://www.googleapis.com/auth/cloud-platform","https://www.googleapis.com/auth/userinfo.email"]
[debug] [2025-11-13T03:40:16.784Z] > authorizing via signed-in user (ooo.solomon@bk.ru)
[error] Failed to fetch Firebase Project from Studio Workspace because WORKSPACE_SLUG environment variable is empty
[debug] [2025-11-13T03:40:16.791Z] > command requires scopes: ["email","openid","https://www.googleapis.com/auth/cloudplatformprojects.readonly","https://www.googleapis.com/auth/firebase","https://www.googleapis.com/auth/cloud-platform","https://www.googleapis.com/auth/userinfo.email"]
[debug] [2025-11-13T03:40:16.791Z] > authorizing via signed-in user (ooo.solomon@bk.ru)
[error] Failed to fetch Firebase Project from Studio Workspace because WORKSPACE_SLUG environment variable is empty
[error] Failed to fetch Firebase Project from Studio Workspace because WORKSPACE_SLUG environment variable is empty
[error] Failed to fetch Firebase Project from Studio Workspace because WORKSPACE_SLUG environment variable is empty
[debug] [2025-11-13T03:40:16.829Z] > command requires scopes: ["email","openid","https://www.googleapis.com/auth/cloudplatformprojects.readonly","https://www.googleapis.com/auth/firebase","https://www.googleapis.com/auth/cloud-platform","https://www.googleapis.com/auth/userinfo.email"]
[debug] [2025-11-13T03:40:16.829Z] > authorizing via signed-in user (ooo.solomon@bk.ru)
[error] Failed to fetch Firebase Project from Studio Workspace because WORKSPACE_SLUG environment variable is empty
[debug] [2025-11-13T03:40:16.834Z] > command requires scopes: ["email","openid","https://www.googleapis.com/auth/cloudplatformprojects.readonly","https://www.googleapis.com/auth/firebase","https://www.googleapis.com/auth/cloud-platform","https://www.googleapis.com/auth/userinfo.email"]
[debug] [2025-11-13T03:40:16.835Z] > authorizing via signed-in user (ooo.solomon@bk.ru)
[error] Failed to fetch Firebase Project from Studio Workspace because WORKSPACE_SLUG environment variable is empty
[error] Failed to fetch Firebase Project from Studio Workspace because WORKSPACE_SLUG environment variable is empty
[error] Failed to fetch Firebase Project from Studio Workspace because WORKSPACE_SLUG environment variable is empty
[debug] [2025-11-13T03:40:16.851Z] > command requires scopes: ["email","openid","https://www.googleapis.com/auth/cloudplatformprojects.readonly","https://www.googleapis.com/auth/firebase","https://www.googleapis.com/auth/cloud-platform","https://www.googleapis.com/auth/userinfo.email"]
[debug] [2025-11-13T03:40:16.851Z] > authorizing via signed-in user (ooo.solomon@bk.ru)
[error] Failed to fetch Firebase Project from Studio Workspace because WORKSPACE_SLUG environment variable is empty
[debug] [2025-11-13T03:40:16.853Z] > command requires scopes: ["email","openid","https://www.googleapis.com/auth/cloudplatformprojects.readonly","https://www.googleapis.com/auth/firebase","https://www.googleapis.com/auth/cloud-platform","https://www.googleapis.com/auth/userinfo.email"]
[debug] [2025-11-13T03:40:16.854Z] > authorizing via signed-in user (ooo.solomon@bk.ru)
[error] Failed to fetch Firebase Project from Studio Workspace because WORKSPACE_SLUG environment variable is empty
[error] Failed to fetch Firebase Project from Studio Workspace because WORKSPACE_SLUG environment variable is empty
[error] Failed to fetch Firebase Project from Studio Workspace because WORKSPACE_SLUG environment variable is empty
[error] Failed to fetch Firebase Project from Studio Workspace because WORKSPACE_SLUG environment variable is empty
[debug] [2025-11-13T04:30:47.582Z] > command requires scopes: ["email","openid","https://www.googleapis.com/auth/cloudplatformprojects.readonly","https://www.googleapis.com/auth/firebase","https://www.googleapis.com/auth/cloud-platform","https://www.googleapis.com/auth/userinfo.email"]
[debug] [2025-11-13T04:30:47.584Z] > authorizing via signed-in user (ooo.solomon@bk.ru)
[debug] [2025-11-13T04:30:47.605Z] > command requires scopes: ["email","openid","https://www.googleapis.com/auth/cloudplatformprojects.readonly","https://www.googleapis.com/auth/firebase","https://www.googleapis.com/auth/cloud-platform","https://www.googleapis.com/auth/userinfo.email"]
[debug] [2025-11-13T04:30:47.606Z] > authorizing via signed-in user (ooo.solomon@bk.ru)
[error] Failed to fetch Firebase Project from Studio Workspace because WORKSPACE_SLUG environment variable is empty
[error] Failed to fetch Firebase Project from Studio Workspace because WORKSPACE_SLUG environment variable is empty
[error] Failed to fetch Firebase Project from Studio Workspace because WORKSPACE_SLUG environment variable is empty
[debug] [2025-11-13T04:30:47.682Z] > command requires scopes: ["email","openid","https://www.googleapis.com/auth/cloudplatformprojects.readonly","https://www.googleapis.com/auth/firebase","https://www.googleapis.com/auth/cloud-platform","https://www.googleapis.com/auth/userinfo.email"]
[debug] [2025-11-13T04:30:47.683Z] > authorizing via signed-in user (ooo.solomon@bk.ru)
[error] Failed to fetch Firebase Project from Studio Workspace because WORKSPACE_SLUG environment variable is empty
[debug] [2025-11-13T04:30:47.686Z] > command requires scopes: ["email","openid","https://www.googleapis.com/auth/cloudplatformprojects.readonly","https://www.googleapis.com/auth/firebase","https://www.googleapis.com/auth/cloud-platform","https://www.googleapis.com/auth/userinfo.email"]
[debug] [2025-11-13T04:30:47.687Z] > authorizing via signed-in user (ooo.solomon@bk.ru)
[error] Failed to fetch Firebase Project from Studio Workspace because WORKSPACE_SLUG environment variable is empty
[error] Failed to fetch Firebase Project from Studio Workspace because WORKSPACE_SLUG environment variable is empty
[error] Failed to fetch Firebase Project from Studio Workspace because WORKSPACE_SLUG environment variable is empty
[debug] [2025-11-13T04:30:47.721Z] > command requires scopes: ["email","openid","https://www.googleapis.com/auth/cloudplatformprojects.readonly","https://www.googleapis.com/auth/firebase","https://www.googleapis.com/auth/cloud-platform","https://www.googleapis.com/auth/userinfo.email"]
[debug] [2025-11-13T04:30:47.721Z] > authorizing via signed-in user (ooo.solomon@bk.ru)
[error] Failed to fetch Firebase Project from Studio Workspace because WORKSPACE_SLUG environment variable is empty
[debug] [2025-11-13T04:30:47.725Z] > command requires scopes: ["email","openid","https://www.googleapis.com/auth/cloudplatformprojects.readonly","https://www.googleapis.com/auth/firebase","https://www.googleapis.com/auth/cloud-platform","https://www.googleapis.com/auth/userinfo.email"]
[debug] [2025-11-13T04:30:47.725Z] > authorizing via signed-in user (ooo.solomon@bk.ru)
[error] Failed to fetch Firebase Project from Studio Workspace because WORKSPACE_SLUG environment variable is empty
[error] Failed to fetch Firebase Project from Studio Workspace because WORKSPACE_SLUG environment variable is empty
[error] Failed to fetch Firebase Project from Studio Workspace because WORKSPACE_SLUG environment variable is empty
[debug] [2025-11-13T04:30:47.730Z] > command requires scopes: ["email","openid","https://www.googleapis.com/auth/cloudplatformprojects.readonly","https://www.googleapis.com/auth/firebase","https://www.googleapis.com/auth/cloud-platform","https://www.googleapis.com/auth/userinfo.email"]
[debug] [2025-11-13T04:30:47.731Z] > authorizing via signed-in user (ooo.solomon@bk.ru)
[error] Failed to fetch Firebase Project from Studio Workspace because WORKSPACE_SLUG environment variable is empty
[debug] [2025-11-13T04:30:47.732Z] > command requires scopes: ["email","openid","https://www.googleapis.com/auth/cloudplatformprojects.readonly","https://www.googleapis.com/auth/firebase","https://www.googleapis.com/auth/cloud-platform","https://www.googleapis.com/auth/userinfo.email"]
[debug] [2025-11-13T04:30:47.733Z] > authorizing via signed-in user (ooo.solomon@bk.ru)
[error] Failed to fetch Firebase Project from Studio Workspace because WORKSPACE_SLUG environment variable is empty
[error] Failed to fetch Firebase Project from Studio Workspace because WORKSPACE_SLUG environment variable is empty
[debug] [2025-11-13T04:31:45.468Z] > command requires scopes: ["email","openid","https://www.googleapis.com/auth/cloudplatformprojects.readonly","https://www.googleapis.com/auth/firebase","https://www.googleapis.com/auth/cloud-platform","https://www.googleapis.com/auth/userinfo.email"]
[debug] [2025-11-13T04:31:45.472Z] > authorizing via signed-in user (ooo.solomon@bk.ru)
[error] Failed to fetch Firebase Project from Studio Workspace because WORKSPACE_SLUG environment variable is empty
[error] Failed to fetch Firebase Project from Studio Workspace because WORKSPACE_SLUG environment variable is empty
[debug] [2025-11-13T04:31:45.484Z] > command requires scopes: ["email","openid","https://www.googleapis.com/auth/cloudplatformprojects.readonly","https://www.googleapis.com/auth/firebase","https://www.googleapis.com/auth/cloud-platform","https://www.googleapis.com/auth/userinfo.email"]
[debug] [2025-11-13T04:31:45.485Z] > authorizing via signed-in user (ooo.solomon@bk.ru)
[error] Failed to fetch Firebase Project from Studio Workspace because WORKSPACE_SLUG environment variable is empty
[error] Failed to fetch Firebase Project from Studio Workspace because WORKSPACE_SLUG environment variable is empty
[debug] [2025-11-13T04:31:56.126Z] > command requires scopes: ["email","openid","https://www.googleapis.com/auth/cloudplatformprojects.readonly","https://www.googleapis.com/auth/firebase","https://www.googleapis.com/auth/cloud-platform","https://www.googleapis.com/auth/userinfo.email"]
[debug] [2025-11-13T04:31:56.129Z] > authorizing via signed-in user (ooo.solomon@bk.ru)
[error] Failed to fetch Firebase Project from Studio Workspace because WORKSPACE_SLUG environment variable is empty
[error] Failed to fetch Firebase Project from Studio Workspace because WORKSPACE_SLUG environment variable is empty
[debug] [2025-11-13T04:31:56.137Z] > command requires scopes: ["email","openid","https://www.googleapis.com/auth/cloudplatformprojects.readonly","https://www.googleapis.com/auth/firebase","https://www.googleapis.com/auth/cloud-platform","https://www.googleapis.com/auth/userinfo.email"]
[debug] [2025-11-13T04:31:56.138Z] > authorizing via signed-in user (ooo.solomon@bk.ru)
[debug] [2025-11-13T04:31:56.142Z] No OAuth tokens found
[debug] [2025-11-13T04:31:56.142Z] No OAuth tokens found
[debug] [2025-11-13T04:31:56.143Z] > command requires scopes: ["email","openid","https://www.googleapis.com/auth/cloudplatformprojects.readonly","https://www.googleapis.com/auth/firebase","https://www.googleapis.com/auth/cloud-platform","https://www.googleapis.com/auth/userinfo.email"]
[debug] [2025-11-13T04:31:56.143Z] > authorizing via signed-in user (ooo.solomon@bk.ru)
[debug] [2025-11-13T04:31:56.147Z] >>> [apiv2][query] GET https://firebase.googleapis.com/v1beta1/projects pageSize=1000
[debug] [2025-11-13T04:31:56.528Z] <<< [apiv2][status] GET https://firebase.googleapis.com/v1beta1/projects 200
[debug] [2025-11-13T04:31:56.529Z] <<< [apiv2][body] GET https://firebase.googleapis.com/v1beta1/projects [omitted]
[error] Failed to fetch Firebase Project from Studio Workspace because WORKSPACE_SLUG environment variable is empty
[error] Failed to fetch Firebase Project from Studio Workspace because WORKSPACE_SLUG environment variable is empty
[debug] [2025-11-13T04:32:26.498Z] > command requires scopes: ["email","openid","https://www.googleapis.com/auth/cloudplatformprojects.readonly","https://www.googleapis.com/auth/firebase","https://www.googleapis.com/auth/cloud-platform","https://www.googleapis.com/auth/userinfo.email"]
[debug] [2025-11-13T04:32:26.498Z] > authorizing via signed-in user (ooo.solomon@bk.ru)
[error] Failed to fetch Firebase Project from Studio Workspace because WORKSPACE_SLUG environment variable is empty
[error] Failed to fetch Firebase Project from Studio Workspace because WORKSPACE_SLUG environment variable is empty
[debug] [2025-11-13T04:32:26.509Z] > command requires scopes: ["email","openid","https://www.googleapis.com/auth/cloudplatformprojects.readonly","https://www.googleapis.com/auth/firebase","https://www.googleapis.com/auth/cloud-platform","https://www.googleapis.com/auth/userinfo.email"]
[debug] [2025-11-13T04:32:26.509Z] > authorizing via signed-in user (ooo.solomon@bk.ru)
[debug] [2025-11-13T04:32:26.514Z] No OAuth tokens found
[debug] [2025-11-13T04:32:26.514Z] No OAuth tokens found
[debug] [2025-11-13T04:32:26.514Z] > command requires scopes: ["email","openid","https://www.googleapis.com/auth/cloudplatformprojects.readonly","https://www.googleapis.com/auth/firebase","https://www.googleapis.com/auth/cloud-platform","https://www.googleapis.com/auth/userinfo.email"]
[debug] [2025-11-13T04:32:26.515Z] > authorizing via signed-in user (ooo.solomon@bk.ru)
[debug] [2025-11-13T04:32:26.515Z] >>> [apiv2][query] GET https://serviceusage.googleapis.com/v1/projects/monitoring-to/services/cloudresourcemanager.googleapis.com [none]
[debug] [2025-11-13T04:32:26.515Z] >>> [apiv2][(partial)header] GET https://serviceusage.googleapis.com/v1/projects/monitoring-to/services/cloudresourcemanager.googleapis.com x-goog-quota-user=projects/monitoring-to
[debug] [2025-11-13T04:32:26.698Z] <<< [apiv2][status] GET https://serviceusage.googleapis.com/v1/projects/monitoring-to/services/cloudresourcemanager.googleapis.com 200
[debug] [2025-11-13T04:32:26.698Z] <<< [apiv2][body] GET https://serviceusage.googleapis.com/v1/projects/monitoring-to/services/cloudresourcemanager.googleapis.com [omitted]
[debug] [2025-11-13T04:32:26.711Z] No OAuth tokens found
[debug] [2025-11-13T04:32:26.714Z] No OAuth tokens found
[debug] [2025-11-13T04:32:26.714Z] > command requires scopes: ["email","openid","https://www.googleapis.com/auth/cloudplatformprojects.readonly","https://www.googleapis.com/auth/firebase","https://www.googleapis.com/auth/cloud-platform","https://www.googleapis.com/auth/userinfo.email"]
[debug] [2025-11-13T04:32:26.715Z] > authorizing via signed-in user (ooo.solomon@bk.ru)
[debug] [2025-11-13T04:32:26.715Z] >>> [apiv2][query] GET https://cloudresourcemanager.googleapis.com/v1/projects/monitoring-to [none]
[debug] [2025-11-13T04:32:26.828Z] <<< [apiv2][status] GET https://cloudresourcemanager.googleapis.com/v1/projects/monitoring-to 200
[debug] [2025-11-13T04:32:26.829Z] <<< [apiv2][body] GET https://cloudresourcemanager.googleapis.com/v1/projects/monitoring-to {"projectNumber":"299855425534","projectId":"monitoring-to","lifecycleState":"ACTIVE","name":"Monitoring TO","labels":{"monospace-workspace-id":"studio-3771772799","firebase":"enabled","firebase-core":"disabled","generative-language":"enabled"},"createTime":"2025-09-09T06:12:39.329541Z"}
[info] Updating Studio Workspace active project to match Firebase CLI 'monitoring-to'
[error] Failed to update Firebase Project for Studio Workspace because WORKSPACE_SLUG environment variable is empty
[info] Now using project monitoring-to
[error] Failed to fetch Firebase Project from Studio Workspace because WORKSPACE_SLUG environment variable is empty
[error] Failed to fetch Firebase Project from Studio Workspace because WORKSPACE_SLUG environment variable is empty
[debug] [2025-11-13T04:32:44.509Z] > command requires scopes: ["email","openid","https://www.googleapis.com/auth/cloudplatformprojects.readonly","https://www.googleapis.com/auth/firebase","https://www.googleapis.com/auth/cloud-platform","https://www.googleapis.com/auth/userinfo.email"]
[debug] [2025-11-13T04:32:44.510Z] > authorizing via signed-in user (ooo.solomon@bk.ru)
[error] Failed to fetch Firebase Project from Studio Workspace because WORKSPACE_SLUG environment variable is empty
[error] Failed to fetch Firebase Project from Studio Workspace because WORKSPACE_SLUG environment variable is empty
[debug] [2025-11-13T04:32:44.514Z] > command requires scopes: ["email","openid","https://www.googleapis.com/auth/cloudplatformprojects.readonly","https://www.googleapis.com/auth/firebase","https://www.googleapis.com/auth/cloud-platform","https://www.googleapis.com/auth/userinfo.email"]
[debug] [2025-11-13T04:32:44.514Z] > authorizing via signed-in user (ooo.solomon@bk.ru)
[debug] [2025-11-13T04:32:44.517Z] No OAuth tokens found
[debug] [2025-11-13T04:32:44.518Z] No OAuth tokens found
[debug] [2025-11-13T04:32:44.518Z] > command requires scopes: ["email","openid","https://www.googleapis.com/auth/cloudplatformprojects.readonly","https://www.googleapis.com/auth/firebase","https://www.googleapis.com/auth/cloud-platform","https://www.googleapis.com/auth/userinfo.email"]
[debug] [2025-11-13T04:32:44.519Z] > authorizing via signed-in user (ooo.solomon@bk.ru)
[debug] [2025-11-13T04:32:44.519Z] >>> [apiv2][query] GET https://serviceusage.googleapis.com/v1/projects/monitoring-to/services/cloudaicompanion.googleapis.com [none]
[debug] [2025-11-13T04:32:44.519Z] >>> [apiv2][(partial)header] GET https://serviceusage.googleapis.com/v1/projects/monitoring-to/services/cloudaicompanion.googleapis.com x-goog-quota-user=projects/monitoring-to
[debug] [2025-11-13T04:32:44.924Z] <<< [apiv2][status] GET https://serviceusage.googleapis.com/v1/projects/monitoring-to/services/cloudaicompanion.googleapis.com 200
[debug] [2025-11-13T04:32:44.924Z] <<< [apiv2][body] GET https://serviceusage.googleapis.com/v1/projects/monitoring-to/services/cloudaicompanion.googleapis.com [omitted]
[info] ✔  : required API cloudaicompanion.googleapis.com is enabled 
[info] 
=== Dataconnect Setup Actuation
[debug] [2025-11-13T04:32:44.945Z] No OAuth tokens found
[debug] [2025-11-13T04:32:44.945Z] No OAuth tokens found
[debug] [2025-11-13T04:32:44.945Z] > command requires scopes: ["email","openid","https://www.googleapis.com/auth/cloudplatformprojects.readonly","https://www.googleapis.com/auth/firebase","https://www.googleapis.com/auth/cloud-platform","https://www.googleapis.com/auth/userinfo.email"]
[debug] [2025-11-13T04:32:44.945Z] > authorizing via signed-in user (ooo.solomon@bk.ru)
[debug] [2025-11-13T04:32:44.946Z] No OAuth tokens found
[debug] [2025-11-13T04:32:44.946Z] No OAuth tokens found
[debug] [2025-11-13T04:32:44.947Z] > command requires scopes: ["email","openid","https://www.googleapis.com/auth/cloudplatformprojects.readonly","https://www.googleapis.com/auth/firebase","https://www.googleapis.com/auth/cloud-platform","https://www.googleapis.com/auth/userinfo.email"]
[debug] [2025-11-13T04:32:44.947Z] > authorizing via signed-in user (ooo.solomon@bk.ru)
[debug] [2025-11-13T04:32:44.947Z] >>> [apiv2][query] GET https://serviceusage.googleapis.com/v1/projects/monitoring-to/services/firebasedataconnect.googleapis.com [none]
[debug] [2025-11-13T04:32:44.947Z] >>> [apiv2][(partial)header] GET https://serviceusage.googleapis.com/v1/projects/monitoring-to/services/firebasedataconnect.googleapis.com x-goog-quota-user=projects/monitoring-to
[debug] [2025-11-13T04:32:44.948Z] >>> [apiv2][query] GET https://serviceusage.googleapis.com/v1/projects/monitoring-to/services/sqladmin.googleapis.com [none]
[debug] [2025-11-13T04:32:44.948Z] >>> [apiv2][(partial)header] GET https://serviceusage.googleapis.com/v1/projects/monitoring-to/services/sqladmin.googleapis.com x-goog-quota-user=projects/monitoring-to
[debug] [2025-11-13T04:32:45.259Z] <<< [apiv2][status] GET https://serviceusage.googleapis.com/v1/projects/monitoring-to/services/firebasedataconnect.googleapis.com 200
[debug] [2025-11-13T04:32:45.260Z] <<< [apiv2][body] GET https://serviceusage.googleapis.com/v1/projects/monitoring-to/services/firebasedataconnect.googleapis.com [omitted]
[debug] [2025-11-13T04:32:45.292Z] <<< [apiv2][status] GET https://serviceusage.googleapis.com/v1/projects/monitoring-to/services/sqladmin.googleapis.com 200
[debug] [2025-11-13T04:32:45.293Z] <<< [apiv2][body] GET https://serviceusage.googleapis.com/v1/projects/monitoring-to/services/sqladmin.googleapis.com [omitted]
[debug] [2025-11-13T04:32:45.306Z] No OAuth tokens found
[debug] [2025-11-13T04:32:45.307Z] No OAuth tokens found
[debug] [2025-11-13T04:32:45.307Z] > command requires scopes: ["email","openid","https://www.googleapis.com/auth/cloudplatformprojects.readonly","https://www.googleapis.com/auth/firebase","https://www.googleapis.com/auth/cloud-platform","https://www.googleapis.com/auth/userinfo.email"]
[debug] [2025-11-13T04:32:45.307Z] > authorizing via signed-in user (ooo.solomon@bk.ru)
[debug] [2025-11-13T04:32:45.307Z] >>> [apiv2][query] GET https://cloudbilling.googleapis.com/v1/projects/monitoring-to/billingInfo [none]
[debug] [2025-11-13T04:32:45.467Z] <<< [apiv2][status] GET https://cloudbilling.googleapis.com/v1/projects/monitoring-to/billingInfo 200
[debug] [2025-11-13T04:32:45.470Z] <<< [apiv2][body] GET https://cloudbilling.googleapis.com/v1/projects/monitoring-to/billingInfo {"name":"projects/monitoring-to/billingInfo","projectId":"monitoring-to","billingAccountName":"","billingEnabled":false}
[debug] [2025-11-13T04:32:45.472Z] No OAuth tokens found
[debug] [2025-11-13T04:32:45.476Z] No OAuth tokens found
[debug] [2025-11-13T04:32:45.477Z] > command requires scopes: ["email","openid","https://www.googleapis.com/auth/cloudplatformprojects.readonly","https://www.googleapis.com/auth/firebase","https://www.googleapis.com/auth/cloud-platform","https://www.googleapis.com/auth/userinfo.email"]
[debug] [2025-11-13T04:32:45.477Z] > authorizing via signed-in user (ooo.solomon@bk.ru)
[debug] [2025-11-13T04:32:45.477Z] >>> [apiv2][query] POST https://firebasedataconnect.googleapis.com/v1/projects/monitoring-to/locations/us-central1/services service_id=api
[debug] [2025-11-13T04:32:45.477Z] >>> [apiv2][body] POST https://firebasedataconnect.googleapis.com/v1/projects/monitoring-to/locations/us-central1/services {"name":"projects/monitoring-to/locations/us-central1/services/api"}
[debug] [2025-11-13T04:32:46.874Z] <<< [apiv2][status] POST https://firebasedataconnect.googleapis.com/v1/projects/monitoring-to/locations/us-central1/services 200
[debug] [2025-11-13T04:32:46.875Z] <<< [apiv2][body] POST https://firebasedataconnect.googleapis.com/v1/projects/monitoring-to/locations/us-central1/services {"name":"projects/monitoring-to/locations/us-central1/operations/operation-1763008365761-643725f609276-5a37562d-3975f3e6","metadata":{"@type":"type.googleapis.com/google.firebase.dataconnect.v1.OperationMetadata","createTime":"2025-11-13T04:32:46.822493703Z","target":"projects/monitoring-to/locations/us-central1/services/api","verb":"create","requestedCancellation":false,"apiVersion":"v1"},"done":false}
[debug] [2025-11-13T04:32:46.889Z] No OAuth tokens found
[debug] [2025-11-13T04:32:46.891Z] No OAuth tokens found
[debug] [2025-11-13T04:32:46.891Z] > command requires scopes: ["email","openid","https://www.googleapis.com/auth/cloudplatformprojects.readonly","https://www.googleapis.com/auth/firebase","https://www.googleapis.com/auth/cloud-platform","https://www.googleapis.com/auth/userinfo.email"]
[debug] [2025-11-13T04:32:46.892Z] > authorizing via signed-in user (ooo.solomon@bk.ru)
[debug] [2025-11-13T04:32:46.893Z] >>> [apiv2][query] GET https://firebasedataconnect.googleapis.com/v1/projects/monitoring-to/locations/us-central1/operations/operation-1763008365761-643725f609276-5a37562d-3975f3e6 [none]
[debug] [2025-11-13T04:32:46.983Z] <<< [apiv2][status] GET https://firebasedataconnect.googleapis.com/v1/projects/monitoring-to/locations/us-central1/operations/operation-1763008365761-643725f609276-5a37562d-3975f3e6 200
[debug] [2025-11-13T04:32:46.983Z] <<< [apiv2][body] GET https://firebasedataconnect.googleapis.com/v1/projects/monitoring-to/locations/us-central1/operations/operation-1763008365761-643725f609276-5a37562d-3975f3e6 {"name":"projects/monitoring-to/locations/us-central1/operations/operation-1763008365761-643725f609276-5a37562d-3975f3e6","metadata":{"@type":"type.googleapis.com/google.firebase.dataconnect.v1.OperationMetadata","createTime":"2025-11-13T04:32:46.822493703Z","target":"projects/monitoring-to/locations/us-central1/services/api","verb":"create","requestedCancellation":false,"apiVersion":"v1"},"done":false}
[debug] [2025-11-13T04:32:47.486Z] [LRO Poller] Retrying task index 0
[debug] [2025-11-13T04:32:47.487Z] No OAuth tokens found
[debug] [2025-11-13T04:32:47.487Z] No OAuth tokens found
[debug] [2025-11-13T04:32:47.487Z] > command requires scopes: ["email","openid","https://www.googleapis.com/auth/cloudplatformprojects.readonly","https://www.googleapis.com/auth/firebase","https://www.googleapis.com/auth/cloud-platform","https://www.googleapis.com/auth/userinfo.email"]
[debug] [2025-11-13T04:32:47.487Z] > authorizing via signed-in user (ooo.solomon@bk.ru)
[debug] [2025-11-13T04:32:47.488Z] >>> [apiv2][query] GET https://firebasedataconnect.googleapis.com/v1/projects/monitoring-to/locations/us-central1/operations/operation-1763008365761-643725f609276-5a37562d-3975f3e6 [none]
[debug] [2025-11-13T04:32:47.568Z] <<< [apiv2][status] GET https://firebasedataconnect.googleapis.com/v1/projects/monitoring-to/locations/us-central1/operations/operation-1763008365761-643725f609276-5a37562d-3975f3e6 200
[debug] [2025-11-13T04:32:47.569Z] <<< [apiv2][body] GET https://firebasedataconnect.googleapis.com/v1/projects/monitoring-to/locations/us-central1/operations/operation-1763008365761-643725f609276-5a37562d-3975f3e6 {"name":"projects/monitoring-to/locations/us-central1/operations/operation-1763008365761-643725f609276-5a37562d-3975f3e6","metadata":{"@type":"type.googleapis.com/google.firebase.dataconnect.v1.OperationMetadata","createTime":"2025-11-13T04:32:46.822493703Z","target":"projects/monitoring-to/locations/us-central1/services/api","verb":"create","requestedCancellation":false,"apiVersion":"v1"},"done":false}
[debug] [2025-11-13T04:32:48.572Z] [LRO Poller] Retrying task index 0
[debug] [2025-11-13T04:32:48.582Z] No OAuth tokens found
[debug] [2025-11-13T04:32:48.583Z] No OAuth tokens found
[debug] [2025-11-13T04:32:48.583Z] > command requires scopes: ["email","openid","https://www.googleapis.com/auth/cloudplatformprojects.readonly","https://www.googleapis.com/auth/firebase","https://www.googleapis.com/auth/cloud-platform","https://www.googleapis.com/auth/userinfo.email"]
[debug] [2025-11-13T04:32:48.584Z] > authorizing via signed-in user (ooo.solomon@bk.ru)
[debug] [2025-11-13T04:32:48.588Z] >>> [apiv2][query] GET https://firebasedataconnect.googleapis.com/v1/projects/monitoring-to/locations/us-central1/operations/operation-1763008365761-643725f609276-5a37562d-3975f3e6 [none]
[debug] [2025-11-13T04:32:48.644Z] <<< [apiv2][status] GET https://firebasedataconnect.googleapis.com/v1/projects/monitoring-to/locations/us-central1/operations/operation-1763008365761-643725f609276-5a37562d-3975f3e6 200
[debug] [2025-11-13T04:32:48.645Z] <<< [apiv2][body] GET https://firebasedataconnect.googleapis.com/v1/projects/monitoring-to/locations/us-central1/operations/operation-1763008365761-643725f609276-5a37562d-3975f3e6 {"name":"projects/monitoring-to/locations/us-central1/operations/operation-1763008365761-643725f609276-5a37562d-3975f3e6","metadata":{"@type":"type.googleapis.com/google.firebase.dataconnect.v1.OperationMetadata","createTime":"2025-11-13T04:32:46.822493703Z","endTime":"2025-11-13T04:32:48.041733405Z","target":"projects/monitoring-to/locations/us-central1/services/api","verb":"create","requestedCancellation":false,"apiVersion":"v1"},"done":true,"response":{"@type":"type.googleapis.com/google.firebase.dataconnect.v1.Service","name":"projects/monitoring-to/locations/us-central1/services/api","createTime":"2025-11-13T04:32:46.815127993Z","updateTime":"2025-11-13T04:32:46.815127993Z","uid":"a5238505-f2d4-44da-8549-c0d864a7f0f4","reconciling":false,"etag":"ETJGFoS8F9C0o92738sL7apfSSfxf7cnM6Bqetsd6h8"}}
[debug] [2025-11-13T04:32:48.660Z] No OAuth tokens found
[debug] [2025-11-13T04:32:48.661Z] No OAuth tokens found
[debug] [2025-11-13T04:32:48.661Z] > command requires scopes: ["email","openid","https://www.googleapis.com/auth/cloudplatformprojects.readonly","https://www.googleapis.com/auth/firebase","https://www.googleapis.com/auth/cloud-platform","https://www.googleapis.com/auth/userinfo.email"]
[debug] [2025-11-13T04:32:48.661Z] > authorizing via signed-in user (ooo.solomon@bk.ru)
[debug] [2025-11-13T04:32:48.661Z] >>> [apiv2][query] POST https://cloudaicompanion.googleapis.com/v1beta/projects/monitoring-to/locations/global/instances/default:completeTask [none]
[debug] [2025-11-13T04:32:48.661Z] >>> [apiv2][body] POST https://cloudaicompanion.googleapis.com/v1beta/projects/monitoring-to/locations/global/instances/default:completeTask {"input":{"messages":[{"content":"An application for calculating cost estimates for low-current systems installation.","author":"USER"}]},"experienceContext":{"experience":"/appeco/firebase/fdc-schema-generator"}}
[debug] [2025-11-13T04:32:55.411Z] <<< [apiv2][status] POST https://cloudaicompanion.googleapis.com/v1beta/projects/monitoring-to/locations/global/instances/default:completeTask 200
[debug] [2025-11-13T04:32:55.416Z] <<< [apiv2][body] POST https://cloudaicompanion.googleapis.com/v1beta/projects/monitoring-to/locations/global/instances/default:completeTask {"output":{"messages":[{"content":"```graphql\ntype User @table {\n  displayName: String!\n  email: String!\n  createdAt: Timestamp!\n  companyName: String\n  phoneNumber: String\n}\n\ntype ProjectEstimate @table {\n  user: User!\n  name: String!\n  createdAt: Timestamp!\n  updatedAt: Timestamp!\n  clientName: String\n  description: String\n  profitMarginPercentage: Float\n}\n\ntype SystemType @table {\n  user: User!\n  name: String!\n  description: String\n}\n\ntype Component @table {\n  user: User!\n  systemType: SystemType\n  name: String!\n  unitCost: Float!\n  description: String\n  sku: String\n}\n\ntype Service @table {\n  user: User!\n  name: String!\n  rateType: String!\n  cost: Float!\n  description: String\n}\n\ntype ProjectItem @table {\n  projectEstimate: ProjectEstimate!\n  component: Component\n  service: Service\n  quantity: Int\n  hours: Float\n  itemType: String!\n}\n```\n"}]},"displayContext":{"additionalContext":{"@type":"type.googleapis.com/google.cloud.cloudaicompanion.v1main.FirebaseChatDisplayContext","firebaseFdcDisplayContext":{"schemaSyntaxError":""}}}}
[debug] [2025-11-13T04:32:55.426Z] No OAuth tokens found
[debug] [2025-11-13T04:32:55.426Z] No OAuth tokens found
[debug] [2025-11-13T04:32:55.427Z] > command requires scopes: ["email","openid","https://www.googleapis.com/auth/cloudplatformprojects.readonly","https://www.googleapis.com/auth/firebase","https://www.googleapis.com/auth/cloud-platform","https://www.googleapis.com/auth/userinfo.email"]
[debug] [2025-11-13T04:32:55.427Z] > authorizing via signed-in user (ooo.solomon@bk.ru)
[debug] [2025-11-13T04:32:55.429Z] >>> [apiv2][query] PATCH https://firebasedataconnect.googleapis.com/v1/projects/monitoring-to/locations/us-central1/services/api/schemas/main allowMissing=true&validateOnly=false
[debug] [2025-11-13T04:32:55.430Z] >>> [apiv2][body] PATCH https://firebasedataconnect.googleapis.com/v1/projects/monitoring-to/locations/us-central1/services/api/schemas/main {"name":"projects/monitoring-to/locations/us-central1/services/api/schemas/main","datasources":[{"postgresql":{}}],"source":{"files":[{"path":"schema.gql","content":"type User @table {\n  displayName: String!\n  email: String!\n  createdAt: Timestamp!\n  companyName: String\n  phoneNumber: String\n}\n\ntype ProjectEstimate @table {\n  user: User!\n  name: String!\n  createdAt: Timestamp!\n  updatedAt: Timestamp!\n  clientName: String\n  description: String\n  profitMarginPercentage: Float\n}\n\ntype SystemType @table {\n  user: User!\n  name: String!\n  description: String\n}\n\ntype Component @table {\n  user: User!\n  systemType: SystemType\n  name: String!\n  unitCost: Float!\n  description: String\n  sku: String\n}\n\ntype Service @table {\n  user: User!\n  name: String!\n  rateType: String!\n  cost: Float!\n  description: String\n}\n\ntype ProjectItem @table {\n  projectEstimate: ProjectEstimate!\n  component: Component\n  service: Service\n  quantity: Int\n  hours: Float\n  itemType: String!\n}"}]}}
[debug] [2025-11-13T04:32:55.857Z] <<< [apiv2][status] PATCH https://firebasedataconnect.googleapis.com/v1/projects/monitoring-to/locations/us-central1/services/api/schemas/main 200
[debug] [2025-11-13T04:32:55.857Z] <<< [apiv2][body] PATCH https://firebasedataconnect.googleapis.com/v1/projects/monitoring-to/locations/us-central1/services/api/schemas/main {"name":"projects/monitoring-to/locations/us-central1/operations/operation-1763008375722-643725ff891a0-e1fce40c-fa8cb5e2","metadata":{"@type":"type.googleapis.com/google.firebase.dataconnect.v1.OperationMetadata","createTime":"2025-11-13T04:32:55.816121602Z","target":"projects/monitoring-to/locations/us-central1/services/api/schemas/main","verb":"update","requestedCancellation":false,"apiVersion":"v1"},"done":false}
[debug] [2025-11-13T04:32:55.858Z] No OAuth tokens found
[debug] [2025-11-13T04:32:55.858Z] No OAuth tokens found
[debug] [2025-11-13T04:32:55.858Z] > command requires scopes: ["email","openid","https://www.googleapis.com/auth/cloudplatformprojects.readonly","https://www.googleapis.com/auth/firebase","https://www.googleapis.com/auth/cloud-platform","https://www.googleapis.com/auth/userinfo.email"]
[debug] [2025-11-13T04:32:55.859Z] > authorizing via signed-in user (ooo.solomon@bk.ru)
[debug] [2025-11-13T04:32:55.864Z] >>> [apiv2][query] GET https://firebasedataconnect.googleapis.com/v1/projects/monitoring-to/locations/us-central1/operations/operation-1763008375722-643725ff891a0-e1fce40c-fa8cb5e2 [none]
[debug] [2025-11-13T04:32:55.930Z] <<< [apiv2][status] GET https://firebasedataconnect.googleapis.com/v1/projects/monitoring-to/locations/us-central1/operations/operation-1763008375722-643725ff891a0-e1fce40c-fa8cb5e2 200
[debug] [2025-11-13T04:32:55.930Z] <<< [apiv2][body] GET https://firebasedataconnect.googleapis.com/v1/projects/monitoring-to/locations/us-central1/operations/operation-1763008375722-643725ff891a0-e1fce40c-fa8cb5e2 {"name":"projects/monitoring-to/locations/us-central1/operations/operation-1763008375722-643725ff891a0-e1fce40c-fa8cb5e2","metadata":{"@type":"type.googleapis.com/google.firebase.dataconnect.v1.OperationMetadata","createTime":"2025-11-13T04:32:55.816121602Z","target":"projects/monitoring-to/locations/us-central1/services/api/schemas/main","verb":"update","requestedCancellation":false,"apiVersion":"v1"},"done":false}
[debug] [2025-11-13T04:32:56.432Z] [LRO Poller] Retrying task index 0
[debug] [2025-11-13T04:32:56.438Z] No OAuth tokens found
[debug] [2025-11-13T04:32:56.440Z] No OAuth tokens found
[debug] [2025-11-13T04:32:56.441Z] > command requires scopes: ["email","openid","https://www.googleapis.com/auth/cloudplatformprojects.readonly","https://www.googleapis.com/auth/firebase","https://www.googleapis.com/auth/cloud-platform","https://www.googleapis.com/auth/userinfo.email"]
[debug] [2025-11-13T04:32:56.441Z] > authorizing via signed-in user (ooo.solomon@bk.ru)
[debug] [2025-11-13T04:32:56.448Z] >>> [apiv2][query] GET https://firebasedataconnect.googleapis.com/v1/projects/monitoring-to/locations/us-central1/operations/operation-1763008375722-643725ff891a0-e1fce40c-fa8cb5e2 [none]
[debug] [2025-11-13T04:32:56.525Z] <<< [apiv2][status] GET https://firebasedataconnect.googleapis.com/v1/projects/monitoring-to/locations/us-central1/operations/operation-1763008375722-643725ff891a0-e1fce40c-fa8cb5e2 200
[debug] [2025-11-13T04:32:56.533Z] <<< [apiv2][body] GET https://firebasedataconnect.googleapis.com/v1/projects/monitoring-to/locations/us-central1/operations/operation-1763008375722-643725ff891a0-e1fce40c-fa8cb5e2 {"name":"projects/monitoring-to/locations/us-central1/operations/operation-1763008375722-643725ff891a0-e1fce40c-fa8cb5e2","metadata":{"@type":"type.googleapis.com/google.firebase.dataconnect.v1.OperationMetadata","createTime":"2025-11-13T04:32:55.816121602Z","endTime":"2025-11-13T04:32:56.063488458Z","target":"projects/monitoring-to/locations/us-central1/services/api/schemas/main","verb":"update","requestedCancellation":false,"apiVersion":"v1"},"done":true}
[debug] [2025-11-13T04:32:56.541Z] No OAuth tokens found
[debug] [2025-11-13T04:32:56.541Z] No OAuth tokens found
[debug] [2025-11-13T04:32:56.542Z] > command requires scopes: ["email","openid","https://www.googleapis.com/auth/cloudplatformprojects.readonly","https://www.googleapis.com/auth/firebase","https://www.googleapis.com/auth/cloud-platform","https://www.googleapis.com/auth/userinfo.email"]
[debug] [2025-11-13T04:32:56.542Z] > authorizing via signed-in user (ooo.solomon@bk.ru)
[debug] [2025-11-13T04:32:56.545Z] No OAuth tokens found
[debug] [2025-11-13T04:32:56.545Z] No OAuth tokens found
[debug] [2025-11-13T04:32:56.545Z] > command requires scopes: ["email","openid","https://www.googleapis.com/auth/cloudplatformprojects.readonly","https://www.googleapis.com/auth/firebase","https://www.googleapis.com/auth/cloud-platform","https://www.googleapis.com/auth/userinfo.email"]
[debug] [2025-11-13T04:32:56.547Z] > authorizing via signed-in user (ooo.solomon@bk.ru)
[debug] [2025-11-13T04:32:56.548Z] >>> [apiv2][query] POST https://cloudaicompanion.googleapis.com/v1beta/projects/monitoring-to/locations/global/instances/default:completeTask [none]
[debug] [2025-11-13T04:32:56.548Z] >>> [apiv2][body] POST https://cloudaicompanion.googleapis.com/v1beta/projects/monitoring-to/locations/global/instances/default:completeTask {"input":{"messages":[{"content":"Create 4 operations for an app using the instance schema with proper authentication.","author":"USER"}]},"experienceContext":{"experience":"/appeco/firebase/fdc-query-generator"},"clientContext":{"additionalContext":{"@type":"type.googleapis.com/google.cloud.cloudaicompanion.v1main.FirebaseChatRequestContext","fdcInfo":{"fdcServiceName":"projects/monitoring-to/locations/us-central1/services/api","requiresQuery":true}}}}
[debug] [2025-11-13T04:32:56.549Z] >>> [apiv2][query] POST https://cloudaicompanion.googleapis.com/v1beta/projects/monitoring-to/locations/global/instances/default:completeTask [none]
[debug] [2025-11-13T04:32:56.549Z] >>> [apiv2][body] POST https://cloudaicompanion.googleapis.com/v1beta/projects/monitoring-to/locations/global/instances/default:completeTask {"input":{"messages":[{"content":"Create a mutation to populate the database with some seed data.","author":"USER"}]},"experienceContext":{"experience":"/appeco/firebase/fdc-query-generator"},"clientContext":{"additionalContext":{"@type":"type.googleapis.com/google.cloud.cloudaicompanion.v1main.FirebaseChatRequestContext","fdcInfo":{"fdcServiceName":"projects/monitoring-to/locations/us-central1/services/api","requiresQuery":true}}}}
[debug] [2025-11-13T04:32:58.937Z] <<< [apiv2][status] POST https://cloudaicompanion.googleapis.com/v1beta/projects/monitoring-to/locations/global/instances/default:completeTask 200
[debug] [2025-11-13T04:32:58.940Z] <<< [apiv2][body] POST https://cloudaicompanion.googleapis.com/v1beta/projects/monitoring-to/locations/global/instances/default:completeTask {"output":{"messages":[{"content":"I need more information before I can create the operations. I need the following:\n\n1.  The schema for the app.\n2.  Detailed specifications for the 4 operations. What should each operation do? What data should it access, and how? What are the arguments, if any, for each operation?\n\nOnce I have this information, I will be able to generate the GraphQL queries and mutations you need, complete with proper authentication directives.\n","author":"model"}]},"outputDataContext":{"additionalContext":{"@type":"type.googleapis.com/google.cloud.cloudaicompanion.v1main.ChatOutputDataContext","relatedContent":{}}},"attributionContext":{"citationMetadata":{}}}
[error] ⬢  dataconnect: Operation Generation failed... 
[info] ✔  Wrote dataconnect/dataconnect.yaml 
[info] ✔  Wrote dataconnect/schema/schema.gql 
[debug] [2025-11-13T04:33:04.687Z] <<< [apiv2][status] POST https://cloudaicompanion.googleapis.com/v1beta/projects/monitoring-to/locations/global/instances/default:completeTask 200
[debug] [2025-11-13T04:33:04.688Z] <<< [apiv2][body] POST https://cloudaicompanion.googleapis.com/v1beta/projects/monitoring-to/locations/global/instances/default:completeTask {"output":{"messages":[{"content":"```graphql\nmutation CreateDemoData @auth(level: PUBLIC, insecureReason: \"This operation is for seeding data and is safe to expose to the public\") @transaction {\n  user_insertMany(data: [\n    {\n      id: \"550e8400-e29b-41d4-a716-446655440000\",\n      companyName: \"Example Company\",\n      createdAt: \"2024-04-26T12:00:00Z\",\n      displayName: \"demouser1\",\n      email: \"demo1@example.com\",\n      phoneNumber: \"555-123-4567\"\n    },\n    {\n      id: \"550e8400-e29b-41d4-a716-446655440001\",\n      companyName: \"Another Example\",\n      createdAt: \"2024-04-26T13:00:00Z\",\n      displayName: \"demouser2\",\n      email: \"demo2@example.com\",\n      phoneNumber: \"555-987-6543\"\n    }\n  ])\n  systemType_insertMany(data: [\n    {\n      id: \"650e8400-e29b-41d4-a716-446655440002\",\n      userId: \"550e8400-e29b-41d4-a716-446655440000\",\n      name: \"System Type 1\",\n      description: \"Example system type\"\n    },\n    {\n      id: \"650e8400-e29b-41d4-a716-446655440003\",\n      userId: \"550e8400-e29b-41d4-a716-446655440001\",\n      name: \"System Type 2\",\n      description: \"Another example system type\"\n    }\n  ])\n  component_insertMany(data: [\n    {\n      id: \"750e8400-e29b-41d4-a716-446655440004\",\n      systemTypeId: \"650e8400-e29b-41d4-a716-446655440002\",\n      userId: \"550e8400-e29b-41d4-a716-446655440000\",\n      name: \"Component 1\",\n      unitCost: 10.50\n    },\n    {\n      id: \"750e8400-e29b-41d4-a716-446655440005\",\n      systemTypeId: \"650e8400-e29b-41d4-a716-446655440003\",\n      userId: \"550e8400-e29b-41d4-a716-446655440001\",\n      name: \"Component 2\",\n      unitCost: 20.75\n    }\n  ])\n  service_insertMany(data: [\n    {\n      id: \"850e8400-e29b-41d4-a716-446655440006\",\n      userId: \"550e8400-e29b-41d4-a716-446655440000\",\n      name: \"Service 1\",\n      cost: 50.00,\n      rateType: \"Hourly\"\n    },\n    {\n      id: \"850e8400-e29b-41d4-a716-446655440007\",\n      userId: \"550e8400-e29b-41d4-a716-446655440001\",\n      name: \"Service 2\",\n      cost: 75.00,\n      rateType: \"Daily\"\n    }\n  ])\n projectEstimate_insertMany(data: [\n    {\n      id: \"950e8400-e29b-41d4-a716-446655440008\",\n      userId: \"550e8400-e29b-41d4-a716-446655440000\",\n      name: \"Project Estimate 1\",\n      createdAt: \"2024-04-27T10:00:00Z\",\n      updatedAt: \"2024-04-27T10:00:00Z\"\n    },\n    {\n      id: \"950e8400-e29b-41d4-a716-446655440009\",\n      userId: \"550e8400-e29b-41d4-a716-446655440001\",\n      name: \"Project Estimate 2\",\n      createdAt: \"2024-04-27T11:00:00Z\",\n      updatedAt: \"2024-04-27T11:00:00Z\"\n    }\n  ])\n projectItem_insertMany(data: [\n    {\n      id: \"a50e8400-e29b-41d4-a716-446655440010\",\n      componentId: \"750e8400-e29b-41d4-a716-446655440004\",\n      projectEstimateId: \"950e8400-e29b-41d4-a716-446655440008\",\n      serviceId: \"850e8400-e29b-41d4-a716-446655440006\",\n      itemType: \"Labor\",\n      quantity: 2\n    },\n    {\n      id: \"a50e8400-e29b-41d4-a716-446655440011\",\n      componentId: \"750e8400-e29b-41d4-a716-446655440005\",\n      projectEstimateId: \"950e8400-e29b-41d4-a716-446655440009\",\n      serviceId: \"850e8400-e29b-41d4-a716-446655440007\",\n      itemType: \"Materials\",\n      quantity: 5\n    }\n  ])\n}\n```\n","author":"model"}]},"outputDataContext":{"additionalContext":{"@type":"type.googleapis.com/google.cloud.cloudaicompanion.v1main.ChatOutputDataContext","relatedContent":{}}},"attributionContext":{"citationMetadata":{}}}
[error] Failed to fetch Firebase Project from Studio Workspace because WORKSPACE_SLUG environment variable is empty
[error] Failed to fetch Firebase Project from Studio Workspace because WORKSPACE_SLUG environment variable is empty
[debug] [2025-11-13T04:34:07.002Z] > command requires scopes: ["email","openid","https://www.googleapis.com/auth/cloudplatformprojects.readonly","https://www.googleapis.com/auth/firebase","https://www.googleapis.com/auth/cloud-platform","https://www.googleapis.com/auth/userinfo.email"]
[debug] [2025-11-13T04:34:07.003Z] > authorizing via signed-in user (ooo.solomon@bk.ru)
[error] Failed to fetch Firebase Project from Studio Workspace because WORKSPACE_SLUG environment variable is empty
[error] Failed to fetch Firebase Project from Studio Workspace because WORKSPACE_SLUG environment variable is empty
[debug] [2025-11-13T04:34:07.011Z] > command requires scopes: ["email","openid","https://www.googleapis.com/auth/cloudplatformprojects.readonly","https://www.googleapis.com/auth/firebase","https://www.googleapis.com/auth/cloud-platform","https://www.googleapis.com/auth/userinfo.email"]
[debug] [2025-11-13T04:34:07.012Z] > authorizing via signed-in user (ooo.solomon@bk.ru)
[debug] [2025-11-13T04:34:07.013Z] No OAuth tokens found
[debug] [2025-11-13T04:34:07.013Z] No OAuth tokens found
[debug] [2025-11-13T04:34:07.013Z] > command requires scopes: ["email","openid","https://www.googleapis.com/auth/cloudplatformprojects.readonly","https://www.googleapis.com/auth/firebase","https://www.googleapis.com/auth/cloud-platform","https://www.googleapis.com/auth/userinfo.email"]
[debug] [2025-11-13T04:34:07.013Z] > authorizing via signed-in user (ooo.solomon@bk.ru)
[debug] [2025-11-13T04:34:07.013Z] >>> [apiv2][query] GET https://serviceusage.googleapis.com/v1/projects/gidra-2025/services/cloudresourcemanager.googleapis.com [none]
[debug] [2025-11-13T04:34:07.014Z] >>> [apiv2][(partial)header] GET https://serviceusage.googleapis.com/v1/projects/gidra-2025/services/cloudresourcemanager.googleapis.com x-goog-quota-user=projects/gidra-2025
[debug] [2025-11-13T04:34:07.401Z] <<< [apiv2][status] GET https://serviceusage.googleapis.com/v1/projects/gidra-2025/services/cloudresourcemanager.googleapis.com 200
[debug] [2025-11-13T04:34:07.401Z] <<< [apiv2][body] GET https://serviceusage.googleapis.com/v1/projects/gidra-2025/services/cloudresourcemanager.googleapis.com [omitted]
[debug] [2025-11-13T04:34:07.409Z] No OAuth tokens found
[debug] [2025-11-13T04:34:07.409Z] No OAuth tokens found
[debug] [2025-11-13T04:34:07.409Z] > command requires scopes: ["email","openid","https://www.googleapis.com/auth/cloudplatformprojects.readonly","https://www.googleapis.com/auth/firebase","https://www.googleapis.com/auth/cloud-platform","https://www.googleapis.com/auth/userinfo.email"]
[debug] [2025-11-13T04:34:07.410Z] > authorizing via signed-in user (ooo.solomon@bk.ru)
[debug] [2025-11-13T04:34:07.414Z] >>> [apiv2][query] GET https://cloudresourcemanager.googleapis.com/v1/projects/gidra-2025 [none]
[debug] [2025-11-13T04:34:07.531Z] <<< [apiv2][status] GET https://cloudresourcemanager.googleapis.com/v1/projects/gidra-2025 200
[debug] [2025-11-13T04:34:07.532Z] <<< [apiv2][body] GET https://cloudresourcemanager.googleapis.com/v1/projects/gidra-2025 {"projectNumber":"734947395479","projectId":"gidra-2025","lifecycleState":"ACTIVE","name":"Gidra","labels":{"firebase":"enabled","firebase-core":"disabled"},"createTime":"2025-07-28T22:48:54.831833Z"}
[info] Updating Studio Workspace active project to match Firebase CLI 'gidra-2025'
[error] Failed to update Firebase Project for Studio Workspace because WORKSPACE_SLUG environment variable is empty
[info] Now using project gidra-2025
[error] Failed to fetch Firebase Project from Studio Workspace because WORKSPACE_SLUG environment variable is empty
[error] Failed to fetch Firebase Project from Studio Workspace because WORKSPACE_SLUG environment variable is empty
[debug] [2025-11-13T04:34:15.652Z] > command requires scopes: ["email","openid","https://www.googleapis.com/auth/cloudplatformprojects.readonly","https://www.googleapis.com/auth/firebase","https://www.googleapis.com/auth/cloud-platform","https://www.googleapis.com/auth/userinfo.email"]
[debug] [2025-11-13T04:34:15.653Z] > authorizing via signed-in user (ooo.solomon@bk.ru)
[error] Failed to fetch Firebase Project from Studio Workspace because WORKSPACE_SLUG environment variable is empty
[error] Failed to fetch Firebase Project from Studio Workspace because WORKSPACE_SLUG environment variable is empty
[debug] [2025-11-13T04:34:15.669Z] > command requires scopes: ["email","openid","https://www.googleapis.com/auth/cloudplatformprojects.readonly","https://www.googleapis.com/auth/firebase","https://www.googleapis.com/auth/cloud-platform","https://www.googleapis.com/auth/userinfo.email"]
[debug] [2025-11-13T04:34:15.669Z] > authorizing via signed-in user (ooo.solomon@bk.ru)
[debug] [2025-11-13T04:34:15.675Z] No OAuth tokens found
[debug] [2025-11-13T04:34:15.675Z] No OAuth tokens found
[debug] [2025-11-13T04:34:15.677Z] > command requires scopes: ["email","openid","https://www.googleapis.com/auth/cloudplatformprojects.readonly","https://www.googleapis.com/auth/firebase","https://www.googleapis.com/auth/cloud-platform","https://www.googleapis.com/auth/userinfo.email"]
[debug] [2025-11-13T04:34:15.677Z] > authorizing via signed-in user (ooo.solomon@bk.ru)
[debug] [2025-11-13T04:34:15.678Z] >>> [apiv2][query] GET https://serviceusage.googleapis.com/v1/projects/gidra-2025/services/cloudaicompanion.googleapis.com [none]
[debug] [2025-11-13T04:34:15.678Z] >>> [apiv2][(partial)header] GET https://serviceusage.googleapis.com/v1/projects/gidra-2025/services/cloudaicompanion.googleapis.com x-goog-quota-user=projects/gidra-2025
[debug] [2025-11-13T04:34:16.015Z] <<< [apiv2][status] GET https://serviceusage.googleapis.com/v1/projects/gidra-2025/services/cloudaicompanion.googleapis.com 200
[debug] [2025-11-13T04:34:16.016Z] <<< [apiv2][body] GET https://serviceusage.googleapis.com/v1/projects/gidra-2025/services/cloudaicompanion.googleapis.com [omitted]
[error] Failed to fetch Firebase Project from Studio Workspace because WORKSPACE_SLUG environment variable is empty
[error] Failed to fetch Firebase Project from Studio Workspace because WORKSPACE_SLUG environment variable is empty
[debug] [2025-11-13T04:35:04.904Z] > command requires scopes: ["email","openid","https://www.googleapis.com/auth/cloudplatformprojects.readonly","https://www.googleapis.com/auth/firebase","https://www.googleapis.com/auth/cloud-platform","https://www.googleapis.com/auth/userinfo.email"]
[debug] [2025-11-13T04:35:04.904Z] > authorizing via signed-in user (ooo.solomon@bk.ru)
[error] Failed to fetch Firebase Project from Studio Workspace because WORKSPACE_SLUG environment variable is empty
[error] Failed to fetch Firebase Project from Studio Workspace because WORKSPACE_SLUG environment variable is empty
[debug] [2025-11-13T04:35:04.911Z] > command requires scopes: ["email","openid","https://www.googleapis.com/auth/cloudplatformprojects.readonly","https://www.googleapis.com/auth/firebase","https://www.googleapis.com/auth/cloud-platform","https://www.googleapis.com/auth/userinfo.email"]
[debug] [2025-11-13T04:35:04.912Z] > authorizing via signed-in user (ooo.solomon@bk.ru)
[error] Failed to fetch Firebase Project from Studio Workspace because WORKSPACE_SLUG environment variable is empty
[error] Failed to fetch Firebase Project from Studio Workspace because WORKSPACE_SLUG environment variable is empty
[debug] [2025-11-13T04:35:10.525Z] > command requires scopes: ["email","openid","https://www.googleapis.com/auth/cloudplatformprojects.readonly","https://www.googleapis.com/auth/firebase","https://www.googleapis.com/auth/cloud-platform","https://www.googleapis.com/auth/userinfo.email"]
[debug] [2025-11-13T04:35:10.529Z] > authorizing via signed-in user (ooo.solomon@bk.ru)
[error] Failed to fetch Firebase Project from Studio Workspace because WORKSPACE_SLUG environment variable is empty
[error] Failed to fetch Firebase Project from Studio Workspace because WORKSPACE_SLUG environment variable is empty
[debug] [2025-11-13T04:35:10.539Z] > command requires scopes: ["email","openid","https://www.googleapis.com/auth/cloudplatformprojects.readonly","https://www.googleapis.com/auth/firebase","https://www.googleapis.com/auth/cloud-platform","https://www.googleapis.com/auth/userinfo.email"]
[debug] [2025-11-13T04:35:10.539Z] > authorizing via signed-in user (ooo.solomon@bk.ru)
[info] i  : ensuring required API cloudaicompanion.googleapis.com is enabled... 
[debug] [2025-11-13T04:35:10.546Z] No OAuth tokens found
[debug] [2025-11-13T04:35:10.547Z] No OAuth tokens found
[debug] [2025-11-13T04:35:10.547Z] > command requires scopes: ["email","openid","https://www.googleapis.com/auth/cloudplatformprojects.readonly","https://www.googleapis.com/auth/firebase","https://www.googleapis.com/auth/cloud-platform","https://www.googleapis.com/auth/userinfo.email"]
[debug] [2025-11-13T04:35:10.551Z] > authorizing via signed-in user (ooo.solomon@bk.ru)
[debug] [2025-11-13T04:35:10.551Z] >>> [apiv2][query] GET https://serviceusage.googleapis.com/v1/projects/gidra-2025/services/cloudaicompanion.googleapis.com [none]
[debug] [2025-11-13T04:35:10.552Z] >>> [apiv2][(partial)header] GET https://serviceusage.googleapis.com/v1/projects/gidra-2025/services/cloudaicompanion.googleapis.com x-goog-quota-user=projects/gidra-2025
[debug] [2025-11-13T04:35:10.932Z] <<< [apiv2][status] GET https://serviceusage.googleapis.com/v1/projects/gidra-2025/services/cloudaicompanion.googleapis.com 200
[debug] [2025-11-13T04:35:10.932Z] <<< [apiv2][body] GET https://serviceusage.googleapis.com/v1/projects/gidra-2025/services/cloudaicompanion.googleapis.com [omitted]
[warn] ⚠  : missing required API cloudaicompanion.googleapis.com. Enabling now... 
[debug] [2025-11-13T04:35:10.933Z] No OAuth tokens found
[debug] [2025-11-13T04:35:10.934Z] No OAuth tokens found
[debug] [2025-11-13T04:35:10.934Z] > command requires scopes: ["email","openid","https://www.googleapis.com/auth/cloudplatformprojects.readonly","https://www.googleapis.com/auth/firebase","https://www.googleapis.com/auth/cloud-platform","https://www.googleapis.com/auth/userinfo.email"]
[debug] [2025-11-13T04:35:10.934Z] > authorizing via signed-in user (ooo.solomon@bk.ru)
[debug] [2025-11-13T04:35:10.934Z] >>> [apiv2][query] POST https://serviceusage.googleapis.com/v1/projects/gidra-2025/services/cloudaicompanion.googleapis.com:enable [none]
[debug] [2025-11-13T04:35:10.934Z] >>> [apiv2][(partial)header] POST https://serviceusage.googleapis.com/v1/projects/gidra-2025/services/cloudaicompanion.googleapis.com:enable x-goog-quota-user=projects/gidra-2025
[debug] [2025-11-13T04:35:11.341Z] <<< [apiv2][status] POST https://serviceusage.googleapis.com/v1/projects/gidra-2025/services/cloudaicompanion.googleapis.com:enable 200
[debug] [2025-11-13T04:35:11.341Z] <<< [apiv2][body] POST https://serviceusage.googleapis.com/v1/projects/gidra-2025/services/cloudaicompanion.googleapis.com:enable [omitted]
[info] 
=== Dataconnect Setup Actuation
[debug] [2025-11-13T04:35:21.368Z] No OAuth tokens found
[debug] [2025-11-13T04:35:21.375Z] No OAuth tokens found
[debug] [2025-11-13T04:35:21.375Z] > command requires scopes: ["email","openid","https://www.googleapis.com/auth/cloudplatformprojects.readonly","https://www.googleapis.com/auth/firebase","https://www.googleapis.com/auth/cloud-platform","https://www.googleapis.com/auth/userinfo.email"]
[debug] [2025-11-13T04:35:21.376Z] > authorizing via signed-in user (ooo.solomon@bk.ru)
[debug] [2025-11-13T04:35:21.378Z] No OAuth tokens found
[debug] [2025-11-13T04:35:21.379Z] No OAuth tokens found
[debug] [2025-11-13T04:35:21.379Z] > command requires scopes: ["email","openid","https://www.googleapis.com/auth/cloudplatformprojects.readonly","https://www.googleapis.com/auth/firebase","https://www.googleapis.com/auth/cloud-platform","https://www.googleapis.com/auth/userinfo.email"]
[debug] [2025-11-13T04:35:21.379Z] > authorizing via signed-in user (ooo.solomon@bk.ru)
[debug] [2025-11-13T04:35:21.384Z] >>> [apiv2][query] GET https://serviceusage.googleapis.com/v1/projects/gidra-2025/services/firebasedataconnect.googleapis.com [none]
[debug] [2025-11-13T04:35:21.384Z] >>> [apiv2][(partial)header] GET https://serviceusage.googleapis.com/v1/projects/gidra-2025/services/firebasedataconnect.googleapis.com x-goog-quota-user=projects/gidra-2025
[debug] [2025-11-13T04:35:21.388Z] >>> [apiv2][query] GET https://serviceusage.googleapis.com/v1/projects/gidra-2025/services/sqladmin.googleapis.com [none]
[debug] [2025-11-13T04:35:21.388Z] >>> [apiv2][(partial)header] GET https://serviceusage.googleapis.com/v1/projects/gidra-2025/services/sqladmin.googleapis.com x-goog-quota-user=projects/gidra-2025
[debug] [2025-11-13T04:35:21.750Z] <<< [apiv2][status] GET https://serviceusage.googleapis.com/v1/projects/gidra-2025/services/sqladmin.googleapis.com 200
[debug] [2025-11-13T04:35:21.757Z] <<< [apiv2][body] GET https://serviceusage.googleapis.com/v1/projects/gidra-2025/services/sqladmin.googleapis.com [omitted]
[debug] [2025-11-13T04:35:21.759Z] No OAuth tokens found
[debug] [2025-11-13T04:35:21.760Z] No OAuth tokens found
[debug] [2025-11-13T04:35:21.760Z] > command requires scopes: ["email","openid","https://www.googleapis.com/auth/cloudplatformprojects.readonly","https://www.googleapis.com/auth/firebase","https://www.googleapis.com/auth/cloud-platform","https://www.googleapis.com/auth/userinfo.email"]
[debug] [2025-11-13T04:35:21.760Z] > authorizing via signed-in user (ooo.solomon@bk.ru)
[debug] [2025-11-13T04:35:21.769Z] >>> [apiv2][query] POST https://serviceusage.googleapis.com/v1/projects/gidra-2025/services/sqladmin.googleapis.com:enable [none]
[debug] [2025-11-13T04:35:21.769Z] >>> [apiv2][(partial)header] POST https://serviceusage.googleapis.com/v1/projects/gidra-2025/services/sqladmin.googleapis.com:enable x-goog-quota-user=projects/gidra-2025
[debug] [2025-11-13T04:35:21.797Z] <<< [apiv2][status] GET https://serviceusage.googleapis.com/v1/projects/gidra-2025/services/firebasedataconnect.googleapis.com 200
[debug] [2025-11-13T04:35:21.799Z] <<< [apiv2][body] GET https://serviceusage.googleapis.com/v1/projects/gidra-2025/services/firebasedataconnect.googleapis.com [omitted]
[debug] [2025-11-13T04:35:21.800Z] No OAuth tokens found
[debug] [2025-11-13T04:35:21.801Z] No OAuth tokens found
[debug] [2025-11-13T04:35:21.801Z] > command requires scopes: ["email","openid","https://www.googleapis.com/auth/cloudplatformprojects.readonly","https://www.googleapis.com/auth/firebase","https://www.googleapis.com/auth/cloud-platform","https://www.googleapis.com/auth/userinfo.email"]
[debug] [2025-11-13T04:35:21.801Z] > authorizing via signed-in user (ooo.solomon@bk.ru)
[debug] [2025-11-13T04:35:21.801Z] >>> [apiv2][query] POST https://serviceusage.googleapis.com/v1/projects/gidra-2025/services/firebasedataconnect.googleapis.com:enable [none]
[debug] [2025-11-13T04:35:21.802Z] >>> [apiv2][(partial)header] POST https://serviceusage.googleapis.com/v1/projects/gidra-2025/services/firebasedataconnect.googleapis.com:enable x-goog-quota-user=projects/gidra-2025
[debug] [2025-11-13T04:35:22.031Z] <<< [apiv2][status] POST https://serviceusage.googleapis.com/v1/projects/gidra-2025/services/firebasedataconnect.googleapis.com:enable 200
[debug] [2025-11-13T04:35:22.036Z] <<< [apiv2][body] POST https://serviceusage.googleapis.com/v1/projects/gidra-2025/services/firebasedataconnect.googleapis.com:enable [omitted]
[debug] [2025-11-13T04:35:22.149Z] <<< [apiv2][status] POST https://serviceusage.googleapis.com/v1/projects/gidra-2025/services/sqladmin.googleapis.com:enable 200
[debug] [2025-11-13T04:35:22.150Z] <<< [apiv2][body] POST https://serviceusage.googleapis.com/v1/projects/gidra-2025/services/sqladmin.googleapis.com:enable [omitted]
[debug] [2025-11-13T04:35:32.160Z] No OAuth tokens found
[debug] [2025-11-13T04:35:32.161Z] No OAuth tokens found
[debug] [2025-11-13T04:35:32.161Z] > command requires scopes: ["email","openid","https://www.googleapis.com/auth/cloudplatformprojects.readonly","https://www.googleapis.com/auth/firebase","https://www.googleapis.com/auth/cloud-platform","https://www.googleapis.com/auth/userinfo.email"]
[debug] [2025-11-13T04:35:32.171Z] > authorizing via signed-in user (ooo.solomon@bk.ru)
[debug] [2025-11-13T04:35:32.172Z] >>> [apiv2][query] GET https://cloudbilling.googleapis.com/v1/projects/gidra-2025/billingInfo [none]
[debug] [2025-11-13T04:35:32.348Z] <<< [apiv2][status] GET https://cloudbilling.googleapis.com/v1/projects/gidra-2025/billingInfo 200
[debug] [2025-11-13T04:35:32.355Z] <<< [apiv2][body] GET https://cloudbilling.googleapis.com/v1/projects/gidra-2025/billingInfo {"name":"projects/gidra-2025/billingInfo","projectId":"gidra-2025","billingAccountName":"","billingEnabled":false}
[debug] [2025-11-13T04:35:32.356Z] No OAuth tokens found
[debug] [2025-11-13T04:35:32.356Z] No OAuth tokens found
[debug] [2025-11-13T04:35:32.356Z] > command requires scopes: ["email","openid","https://www.googleapis.com/auth/cloudplatformprojects.readonly","https://www.googleapis.com/auth/firebase","https://www.googleapis.com/auth/cloud-platform","https://www.googleapis.com/auth/userinfo.email"]
[debug] [2025-11-13T04:35:32.356Z] > authorizing via signed-in user (ooo.solomon@bk.ru)
[debug] [2025-11-13T04:35:32.357Z] >>> [apiv2][query] POST https://firebasedataconnect.googleapis.com/v1/projects/gidra-2025/locations/us-central1/services service_id=api
[debug] [2025-11-13T04:35:32.365Z] >>> [apiv2][body] POST https://firebasedataconnect.googleapis.com/v1/projects/gidra-2025/locations/us-central1/services {"name":"projects/gidra-2025/locations/us-central1/services/api"}
[debug] [2025-11-13T04:35:33.781Z] <<< [apiv2][status] POST https://firebasedataconnect.googleapis.com/v1/projects/gidra-2025/locations/us-central1/services 200
[debug] [2025-11-13T04:35:33.787Z] <<< [apiv2][body] POST https://firebasedataconnect.googleapis.com/v1/projects/gidra-2025/locations/us-central1/services {"name":"projects/gidra-2025/locations/us-central1/operations/operation-1763008532663-6437269534ade-2c5617a3-362274d4","metadata":{"@type":"type.googleapis.com/google.firebase.dataconnect.v1.OperationMetadata","createTime":"2025-11-13T04:35:33.743116715Z","target":"projects/gidra-2025/locations/us-central1/services/api","verb":"create","requestedCancellation":false,"apiVersion":"v1"},"done":false}
[debug] [2025-11-13T04:35:33.790Z] No OAuth tokens found
[debug] [2025-11-13T04:35:33.792Z] No OAuth tokens found
[debug] [2025-11-13T04:35:33.793Z] > command requires scopes: ["email","openid","https://www.googleapis.com/auth/cloudplatformprojects.readonly","https://www.googleapis.com/auth/firebase","https://www.googleapis.com/auth/cloud-platform","https://www.googleapis.com/auth/userinfo.email"]
[debug] [2025-11-13T04:35:33.797Z] > authorizing via signed-in user (ooo.solomon@bk.ru)
[debug] [2025-11-13T04:35:33.797Z] >>> [apiv2][query] GET https://firebasedataconnect.googleapis.com/v1/projects/gidra-2025/locations/us-central1/operations/operation-1763008532663-6437269534ade-2c5617a3-362274d4 [none]
[debug] [2025-11-13T04:35:33.893Z] <<< [apiv2][status] GET https://firebasedataconnect.googleapis.com/v1/projects/gidra-2025/locations/us-central1/operations/operation-1763008532663-6437269534ade-2c5617a3-362274d4 200
[debug] [2025-11-13T04:35:33.894Z] <<< [apiv2][body] GET https://firebasedataconnect.googleapis.com/v1/projects/gidra-2025/locations/us-central1/operations/operation-1763008532663-6437269534ade-2c5617a3-362274d4 {"name":"projects/gidra-2025/locations/us-central1/operations/operation-1763008532663-6437269534ade-2c5617a3-362274d4","metadata":{"@type":"type.googleapis.com/google.firebase.dataconnect.v1.OperationMetadata","createTime":"2025-11-13T04:35:33.743116715Z","target":"projects/gidra-2025/locations/us-central1/services/api","verb":"create","requestedCancellation":false,"apiVersion":"v1"},"done":false}
[debug] [2025-11-13T04:35:34.396Z] [LRO Poller] Retrying task index 0
[debug] [2025-11-13T04:35:34.396Z] No OAuth tokens found
[debug] [2025-11-13T04:35:34.397Z] No OAuth tokens found
[debug] [2025-11-13T04:35:34.397Z] > command requires scopes: ["email","openid","https://www.googleapis.com/auth/cloudplatformprojects.readonly","https://www.googleapis.com/auth/firebase","https://www.googleapis.com/auth/cloud-platform","https://www.googleapis.com/auth/userinfo.email"]
[debug] [2025-11-13T04:35:34.397Z] > authorizing via signed-in user (ooo.solomon@bk.ru)
[debug] [2025-11-13T04:35:34.397Z] >>> [apiv2][query] GET https://firebasedataconnect.googleapis.com/v1/projects/gidra-2025/locations/us-central1/operations/operation-1763008532663-6437269534ade-2c5617a3-362274d4 [none]
[debug] [2025-11-13T04:35:34.483Z] <<< [apiv2][status] GET https://firebasedataconnect.googleapis.com/v1/projects/gidra-2025/locations/us-central1/operations/operation-1763008532663-6437269534ade-2c5617a3-362274d4 200
[debug] [2025-11-13T04:35:34.484Z] <<< [apiv2][body] GET https://firebasedataconnect.googleapis.com/v1/projects/gidra-2025/locations/us-central1/operations/operation-1763008532663-6437269534ade-2c5617a3-362274d4 {"name":"projects/gidra-2025/locations/us-central1/operations/operation-1763008532663-6437269534ade-2c5617a3-362274d4","metadata":{"@type":"type.googleapis.com/google.firebase.dataconnect.v1.OperationMetadata","createTime":"2025-11-13T04:35:33.743116715Z","target":"projects/gidra-2025/locations/us-central1/services/api","verb":"create","requestedCancellation":false,"apiVersion":"v1"},"done":false}
[debug] [2025-11-13T04:35:35.491Z] [LRO Poller] Retrying task index 0
[debug] [2025-11-13T04:35:35.492Z] No OAuth tokens found
[debug] [2025-11-13T04:35:35.492Z] No OAuth tokens found
[debug] [2025-11-13T04:35:35.492Z] > command requires scopes: ["email","openid","https://www.googleapis.com/auth/cloudplatformprojects.readonly","https://www.googleapis.com/auth/firebase","https://www.googleapis.com/auth/cloud-platform","https://www.googleapis.com/auth/userinfo.email"]
[debug] [2025-11-13T04:35:35.493Z] > authorizing via signed-in user (ooo.solomon@bk.ru)
[debug] [2025-11-13T04:35:35.493Z] >>> [apiv2][query] GET https://firebasedataconnect.googleapis.com/v1/projects/gidra-2025/locations/us-central1/operations/operation-1763008532663-6437269534ade-2c5617a3-362274d4 [none]
[debug] [2025-11-13T04:35:35.558Z] <<< [apiv2][status] GET https://firebasedataconnect.googleapis.com/v1/projects/gidra-2025/locations/us-central1/operations/operation-1763008532663-6437269534ade-2c5617a3-362274d4 200
[debug] [2025-11-13T04:35:35.561Z] <<< [apiv2][body] GET https://firebasedataconnect.googleapis.com/v1/projects/gidra-2025/locations/us-central1/operations/operation-1763008532663-6437269534ade-2c5617a3-362274d4 {"name":"projects/gidra-2025/locations/us-central1/operations/operation-1763008532663-6437269534ade-2c5617a3-362274d4","metadata":{"@type":"type.googleapis.com/google.firebase.dataconnect.v1.OperationMetadata","createTime":"2025-11-13T04:35:33.743116715Z","endTime":"2025-11-13T04:35:34.862108940Z","target":"projects/gidra-2025/locations/us-central1/services/api","verb":"create","requestedCancellation":false,"apiVersion":"v1"},"done":true,"response":{"@type":"type.googleapis.com/google.firebase.dataconnect.v1.Service","name":"projects/gidra-2025/locations/us-central1/services/api","createTime":"2025-11-13T04:35:33.730277514Z","updateTime":"2025-11-13T04:35:33.730277514Z","uid":"8a5690ba-71b7-4229-a531-2bbfa8b9e971","reconciling":false,"etag":"BQP_xCNe9TcypQ7hq7ENx-ouiHYvp_Skrk0hq3p-tK8"}}
[debug] [2025-11-13T04:35:35.565Z] No OAuth tokens found
[debug] [2025-11-13T04:35:35.565Z] No OAuth tokens found
[debug] [2025-11-13T04:35:35.566Z] > command requires scopes: ["email","openid","https://www.googleapis.com/auth/cloudplatformprojects.readonly","https://www.googleapis.com/auth/firebase","https://www.googleapis.com/auth/cloud-platform","https://www.googleapis.com/auth/userinfo.email"]
[debug] [2025-11-13T04:35:35.566Z] > authorizing via signed-in user (ooo.solomon@bk.ru)
[debug] [2025-11-13T04:35:35.571Z] >>> [apiv2][query] POST https://cloudaicompanion.googleapis.com/v1beta/projects/gidra-2025/locations/global/instances/default:completeTask [none]
[debug] [2025-11-13T04:35:35.571Z] >>> [apiv2][body] POST https://cloudaicompanion.googleapis.com/v1beta/projects/gidra-2025/locations/global/instances/default:completeTask {"input":{"messages":[{"content":"An application for calculating cost estimates for low-current systems installation.","author":"USER"}]},"experienceContext":{"experience":"/appeco/firebase/fdc-schema-generator"}}
[debug] [2025-11-13T04:35:42.722Z] <<< [apiv2][status] POST https://cloudaicompanion.googleapis.com/v1beta/projects/gidra-2025/locations/global/instances/default:completeTask 200
[debug] [2025-11-13T04:35:42.723Z] <<< [apiv2][body] POST https://cloudaicompanion.googleapis.com/v1beta/projects/gidra-2025/locations/global/instances/default:completeTask {"output":{"messages":[{"content":"```graphql\ntype User @table {\n  displayName: String!\n  createdAt: Timestamp!\n  email: String\n  photoUrl: String\n}\n\ntype SystemType @table {\n  user: User\n  name: String!\n  createdAt: Timestamp!\n  description: String\n}\n\ntype Component @table {\n  user: User\n  systemType: SystemType\n  name: String!\n  unitCost: Float!\n  createdAt: Timestamp!\n  description: String\n  category: String\n}\n\ntype LaborRate @table {\n  user: User\n  roleName: String!\n  hourlyRate: Float!\n  createdAt: Timestamp!\n  description: String\n}\n\ntype Project @table {\n  user: User\n  name: String!\n  createdAt: Timestamp!\n  updatedAt: Timestamp!\n  description: String\n  overheadPercentage: Float\n  profitMarginPercentage: Float\n}\n\ntype ProjectSystem @table {\n  project: Project\n  systemType: SystemType\n  quantity: Int!\n  estimatedLaborHours: Float!\n  createdAt: Timestamp!\n}\n\ntype ProjectComponent @table {\n  projectSystem: ProjectSystem\n  component: Component\n  quantity: Int!\n  createdAt: Timestamp!\n}\n```\n"}]},"displayContext":{"additionalContext":{"@type":"type.googleapis.com/google.cloud.cloudaicompanion.v1main.FirebaseChatDisplayContext","firebaseFdcDisplayContext":{"schemaSyntaxError":""}}}}
[debug] [2025-11-13T04:35:42.730Z] No OAuth tokens found
[debug] [2025-11-13T04:35:42.731Z] No OAuth tokens found
[debug] [2025-11-13T04:35:42.731Z] > command requires scopes: ["email","openid","https://www.googleapis.com/auth/cloudplatformprojects.readonly","https://www.googleapis.com/auth/firebase","https://www.googleapis.com/auth/cloud-platform","https://www.googleapis.com/auth/userinfo.email"]
[debug] [2025-11-13T04:35:42.731Z] > authorizing via signed-in user (ooo.solomon@bk.ru)
[debug] [2025-11-13T04:35:42.731Z] >>> [apiv2][query] PATCH https://firebasedataconnect.googleapis.com/v1/projects/gidra-2025/locations/us-central1/services/api/schemas/main allowMissing=true&validateOnly=false
[debug] [2025-11-13T04:35:42.731Z] >>> [apiv2][body] PATCH https://firebasedataconnect.googleapis.com/v1/projects/gidra-2025/locations/us-central1/services/api/schemas/main {"name":"projects/gidra-2025/locations/us-central1/services/api/schemas/main","datasources":[{"postgresql":{}}],"source":{"files":[{"path":"schema.gql","content":"type User @table {\n  displayName: String!\n  createdAt: Timestamp!\n  email: String\n  photoUrl: String\n}\n\ntype SystemType @table {\n  user: User\n  name: String!\n  createdAt: Timestamp!\n  description: String\n}\n\ntype Component @table {\n  user: User\n  systemType: SystemType\n  name: String!\n  unitCost: Float!\n  createdAt: Timestamp!\n  description: String\n  category: String\n}\n\ntype LaborRate @table {\n  user: User\n  roleName: String!\n  hourlyRate: Float!\n  createdAt: Timestamp!\n  description: String\n}\n\ntype Project @table {\n  user: User\n  name: String!\n  createdAt: Timestamp!\n  updatedAt: Timestamp!\n  description: String\n  overheadPercentage: Float\n  profitMarginPercentage: Float\n}\n\ntype ProjectSystem @table {\n  project: Project\n  systemType: SystemType\n  quantity: Int!\n  estimatedLaborHours: Float!\n  createdAt: Timestamp!\n}\n\ntype ProjectComponent @table {\n  projectSystem: ProjectSystem\n  component: Component\n  quantity: Int!\n  createdAt: Timestamp!\n}"}]}}
[debug] [2025-11-13T04:35:42.923Z] <<< [apiv2][status] PATCH https://firebasedataconnect.googleapis.com/v1/projects/gidra-2025/locations/us-central1/services/api/schemas/main 200
[debug] [2025-11-13T04:35:42.926Z] <<< [apiv2][body] PATCH https://firebasedataconnect.googleapis.com/v1/projects/gidra-2025/locations/us-central1/services/api/schemas/main {"name":"projects/gidra-2025/locations/us-central1/operations/operation-1763008542820-6437269ee4967-fabc80e4-015b8f50","metadata":{"@type":"type.googleapis.com/google.firebase.dataconnect.v1.OperationMetadata","createTime":"2025-11-13T04:35:42.891842455Z","target":"projects/gidra-2025/locations/us-central1/services/api/schemas/main","verb":"update","requestedCancellation":false,"apiVersion":"v1"},"done":false}
[debug] [2025-11-13T04:35:42.927Z] No OAuth tokens found
[debug] [2025-11-13T04:35:42.927Z] No OAuth tokens found
[debug] [2025-11-13T04:35:42.927Z] > command requires scopes: ["email","openid","https://www.googleapis.com/auth/cloudplatformprojects.readonly","https://www.googleapis.com/auth/firebase","https://www.googleapis.com/auth/cloud-platform","https://www.googleapis.com/auth/userinfo.email"]
[debug] [2025-11-13T04:35:42.927Z] > authorizing via signed-in user (ooo.solomon@bk.ru)
[debug] [2025-11-13T04:35:42.927Z] >>> [apiv2][query] GET https://firebasedataconnect.googleapis.com/v1/projects/gidra-2025/locations/us-central1/operations/operation-1763008542820-6437269ee4967-fabc80e4-015b8f50 [none]
[debug] [2025-11-13T04:35:43.006Z] <<< [apiv2][status] GET https://firebasedataconnect.googleapis.com/v1/projects/gidra-2025/locations/us-central1/operations/operation-1763008542820-6437269ee4967-fabc80e4-015b8f50 200
[debug] [2025-11-13T04:35:43.006Z] <<< [apiv2][body] GET https://firebasedataconnect.googleapis.com/v1/projects/gidra-2025/locations/us-central1/operations/operation-1763008542820-6437269ee4967-fabc80e4-015b8f50 {"name":"projects/gidra-2025/locations/us-central1/operations/operation-1763008542820-6437269ee4967-fabc80e4-015b8f50","metadata":{"@type":"type.googleapis.com/google.firebase.dataconnect.v1.OperationMetadata","createTime":"2025-11-13T04:35:42.891842455Z","target":"projects/gidra-2025/locations/us-central1/services/api/schemas/main","verb":"update","requestedCancellation":false,"apiVersion":"v1"},"done":false}
[debug] [2025-11-13T04:35:43.507Z] [LRO Poller] Retrying task index 0
[debug] [2025-11-13T04:35:43.508Z] No OAuth tokens found
[debug] [2025-11-13T04:35:43.508Z] No OAuth tokens found
[debug] [2025-11-13T04:35:43.508Z] > command requires scopes: ["email","openid","https://www.googleapis.com/auth/cloudplatformprojects.readonly","https://www.googleapis.com/auth/firebase","https://www.googleapis.com/auth/cloud-platform","https://www.googleapis.com/auth/userinfo.email"]
[debug] [2025-11-13T04:35:43.509Z] > authorizing via signed-in user (ooo.solomon@bk.ru)
[debug] [2025-11-13T04:35:43.509Z] >>> [apiv2][query] GET https://firebasedataconnect.googleapis.com/v1/projects/gidra-2025/locations/us-central1/operations/operation-1763008542820-6437269ee4967-fabc80e4-015b8f50 [none]
[debug] [2025-11-13T04:35:43.571Z] <<< [apiv2][status] GET https://firebasedataconnect.googleapis.com/v1/projects/gidra-2025/locations/us-central1/operations/operation-1763008542820-6437269ee4967-fabc80e4-015b8f50 200
[debug] [2025-11-13T04:35:43.571Z] <<< [apiv2][body] GET https://firebasedataconnect.googleapis.com/v1/projects/gidra-2025/locations/us-central1/operations/operation-1763008542820-6437269ee4967-fabc80e4-015b8f50 {"name":"projects/gidra-2025/locations/us-central1/operations/operation-1763008542820-6437269ee4967-fabc80e4-015b8f50","metadata":{"@type":"type.googleapis.com/google.firebase.dataconnect.v1.OperationMetadata","createTime":"2025-11-13T04:35:42.891842455Z","endTime":"2025-11-13T04:35:43.163841578Z","target":"projects/gidra-2025/locations/us-central1/services/api/schemas/main","verb":"update","requestedCancellation":false,"apiVersion":"v1"},"done":true}
[debug] [2025-11-13T04:35:43.572Z] No OAuth tokens found
[debug] [2025-11-13T04:35:43.572Z] No OAuth tokens found
[debug] [2025-11-13T04:35:43.572Z] > command requires scopes: ["email","openid","https://www.googleapis.com/auth/cloudplatformprojects.readonly","https://www.googleapis.com/auth/firebase","https://www.googleapis.com/auth/cloud-platform","https://www.googleapis.com/auth/userinfo.email"]
[debug] [2025-11-13T04:35:43.572Z] > authorizing via signed-in user (ooo.solomon@bk.ru)
[debug] [2025-11-13T04:35:43.573Z] No OAuth tokens found
[debug] [2025-11-13T04:35:43.573Z] No OAuth tokens found
[debug] [2025-11-13T04:35:43.573Z] > command requires scopes: ["email","openid","https://www.googleapis.com/auth/cloudplatformprojects.readonly","https://www.googleapis.com/auth/firebase","https://www.googleapis.com/auth/cloud-platform","https://www.googleapis.com/auth/userinfo.email"]
[debug] [2025-11-13T04:35:43.573Z] > authorizing via signed-in user (ooo.solomon@bk.ru)
[debug] [2025-11-13T04:35:43.573Z] >>> [apiv2][query] POST https://cloudaicompanion.googleapis.com/v1beta/projects/gidra-2025/locations/global/instances/default:completeTask [none]
[debug] [2025-11-13T04:35:43.574Z] >>> [apiv2][body] POST https://cloudaicompanion.googleapis.com/v1beta/projects/gidra-2025/locations/global/instances/default:completeTask {"input":{"messages":[{"content":"Create 4 operations for an app using the instance schema with proper authentication.","author":"USER"}]},"experienceContext":{"experience":"/appeco/firebase/fdc-query-generator"},"clientContext":{"additionalContext":{"@type":"type.googleapis.com/google.cloud.cloudaicompanion.v1main.FirebaseChatRequestContext","fdcInfo":{"fdcServiceName":"projects/gidra-2025/locations/us-central1/services/api","requiresQuery":true}}}}
[debug] [2025-11-13T04:35:43.574Z] >>> [apiv2][query] POST https://cloudaicompanion.googleapis.com/v1beta/projects/gidra-2025/locations/global/instances/default:completeTask [none]
[debug] [2025-11-13T04:35:43.574Z] >>> [apiv2][body] POST https://cloudaicompanion.googleapis.com/v1beta/projects/gidra-2025/locations/global/instances/default:completeTask {"input":{"messages":[{"content":"Create a mutation to populate the database with some seed data.","author":"USER"}]},"experienceContext":{"experience":"/appeco/firebase/fdc-query-generator"},"clientContext":{"additionalContext":{"@type":"type.googleapis.com/google.cloud.cloudaicompanion.v1main.FirebaseChatRequestContext","fdcInfo":{"fdcServiceName":"projects/gidra-2025/locations/us-central1/services/api","requiresQuery":true}}}}
[debug] [2025-11-13T04:35:46.908Z] <<< [apiv2][status] POST https://cloudaicompanion.googleapis.com/v1beta/projects/gidra-2025/locations/global/instances/default:completeTask 200
[debug] [2025-11-13T04:35:46.915Z] <<< [apiv2][body] POST https://cloudaicompanion.googleapis.com/v1beta/projects/gidra-2025/locations/global/instances/default:completeTask {"output":{"messages":[{"content":"OK. I need more information to create the operations. Can you please provide the following?\n\n1.  **The instance schema:** I need the GraphQL schema definition to understand the available types, fields, and relationships in your data model.\n2.  **Detailed specifications for the 4 operations:** Describe in detail what each operation should do. For example:\n    *   \"A query to list all products, sorted by price in descending order, and only accessible to signed-in users.\"\n    *   \"A mutation to create a new order, which requires the user to be an admin.\"\n    *   \"A mutation to update a product's inventory, only accessible to users with the 'inventory_manager' custom claim.\"\n    *   \"A public query to search for products by name.\"\n3.  **Clarification on \"proper authentication\":** Specify the authentication requirements for each operation. Do you want them to be public, only accessible to signed-in users, or require specific custom claims?\n\nOnce I have this information, I can generate the GraphQL queries and mutations that meet your requirements.\n","author":"model"}]},"outputDataContext":{"additionalContext":{"@type":"type.googleapis.com/google.cloud.cloudaicompanion.v1main.ChatOutputDataContext","relatedContent":{}}},"attributionContext":{"citationMetadata":{}}}
[error] ⬢  dataconnect: Operation Generation failed... 
[info] ✔  Wrote dataconnect/dataconnect.yaml 
[info] ✔  Wrote dataconnect/schema/schema.gql 
[debug] [2025-11-13T04:35:59.105Z] <<< [apiv2][status] POST https://cloudaicompanion.googleapis.com/v1beta/projects/gidra-2025/locations/global/instances/default:completeTask 200
[debug] [2025-11-13T04:35:59.105Z] <<< [apiv2][body] POST https://cloudaicompanion.googleapis.com/v1beta/projects/gidra-2025/locations/global/instances/default:completeTask {"output":{"messages":[{"content":"```graphql\nmutation CreateSeedData @transaction @auth(level: USER) {\n  user_insertMany(data: [\n    {\n      id: \"550e8400-e29b-41d4-a716-446655440000\",\n      displayName: \"demouser1\",\n      createdAt: \"2024-01-01T00:00:00Z\"\n    },\n    {\n      id: \"550e8400-e29b-41d4-a716-446655440001\",\n      displayName: \"demouser2\",\n      createdAt: \"2024-01-01T00:00:00Z\"\n    }\n  ])\n  systemType_insertMany(data: [\n    {\n      id: \"650e8400-e29b-41d4-a716-446655440000\",\n      userId: \"550e8400-e29b-41d4-a716-446655440000\",\n      name: \"SystemType1\",\n      createdAt: \"2024-01-01T00:00:00Z\"\n    },\n    {\n      id: \"650e8400-e29b-41d4-a716-446655440001\",\n      userId: \"550e8400-e29b-41d4-a716-446655440001\",\n      name: \"SystemType2\",\n      createdAt: \"2024-01-01T00:00:00Z\"\n    }\n  ])\n  project_insertMany(data: [\n    {\n      id: \"750e8400-e29b-41d4-a716-446655440000\",\n      userId: \"550e8400-e29b-41d4-a716-446655440000\",\n      name: \"Project1\",\n      createdAt: \"2024-01-01T00:00:00Z\",\n      updatedAt: \"2024-01-01T00:00:00Z\"\n    },\n    {\n      id: \"750e8400-e29b-41d4-a716-446655440001\",\n      userId: \"550e8400-e29b-41d4-a716-446655440001\",\n      name: \"Project2\",\n      createdAt: \"2024-01-01T00:00:00Z\",\n      updatedAt: \"2024-01-01T00:00:00Z\"\n    }\n  ])\n  projectSystem_insertMany(data: [\n    {\n      id: \"850e8400-e29b-41d4-a716-446655440000\",\n      projectId: \"750e8400-e29b-41d4-a716-446655440000\",\n      systemTypeId: \"650e8400-e29b-41d4-a716-446655440000\",\n      estimatedLaborHours: 10.0,\n      quantity: 1,\n      createdAt: \"2024-01-01T00:00:00Z\"\n    },\n    {\n      id: \"850e8400-e29b-41d4-a716-446655440001\",\n      projectId: \"750e8400-e29b-41d4-a716-446655440001\",\n      systemTypeId: \"650e8400-e29b-41d4-a716-446655440001\",\n      estimatedLaborHours: 15.0,\n      quantity: 2,\n      createdAt: \"2024-01-01T00:00:00Z\"\n    }\n  ])\n  component_insertMany(data: [\n    {\n      id: \"950e8400-e29b-41d4-a716-446655440000\",\n      userId: \"550e8400-e29b-41d4-a716-446655440000\",\n      systemTypeId: \"650e8400-e29b-41d4-a716-446655440000\",\n      name: \"Component1\",\n      unitCost: 5.0,\n      createdAt: \"2024-01-01T00:00:00Z\"\n    },\n    {\n      id: \"950e8400-e29b-41d4-a716-446655440001\",\n      userId: \"550e8400-e29b-41d4-a716-446655440001\",\n      systemTypeId: \"650e8400-e29b-41d4-a716-446655440001\",\n      name: \"Component2\",\n      unitCost: 7.5,\n      createdAt: \"2024-01-01T00:00:00Z\"\n    }\n  ])\n  projectComponent_insertMany(data: [\n    {\n      id: \"a50e8400-e29b-41d4-a716-446655440000\",\n      componentId: \"950e8400-e29b-41d4-a716-446655440000\",\n      projectSystemId: \"850e8400-e29b-41d4-a716-446655440000\",\n      quantity: 3,\n      createdAt: \"2024-01-01T00:00:00Z\"\n    },\n    {\n      id: \"a50e8400-e29b-41d4-a716-446655440001\",\n      componentId: \"950e8400-e29b-41d4-a716-446655440001\",\n      projectSystemId: \"850e8400-e29b-41d4-a716-446655440001\",\n      quantity: 4,\n      createdAt: \"2024-01-01T00:00:00Z\"\n    }\n  ])\n  laborRate_insertMany(data: [\n    {\n      id: \"b50e8400-e29b-41d4-a716-446655440000\",\n      userId: \"550e8400-e29b-41d4-a716-446655440000\",\n      roleName: \"Role1\",\n      hourlyRate: 25.0,\n      createdAt: \"2024-01-01T00:00:00Z\"\n    },\n    {\n      id: \"b50e8400-e29b-41d4-a716-446655440001\",\n      userId: \"550e8400-e29b-41d4-a716-446655440001\",\n      roleName: \"Role2\",\n      hourlyRate: 30.0,\n      createdAt: \"2024-01-01T00:00:00Z\"\n    }\n  ])\n}\n```\n","author":"model"}]},"outputDataContext":{"additionalContext":{"@type":"type.googleapis.com/google.cloud.cloudaicompanion.v1main.ChatOutputDataContext","relatedContent":{}}},"attributionContext":{"citationMetadata":{}}}
[error] Failed to fetch Firebase Project from Studio Workspace because WORKSPACE_SLUG environment variable is empty
[error] Failed to fetch Firebase Project from Studio Workspace because WORKSPACE_SLUG environment variable is empty
[debug] [2025-11-13T04:36:11.270Z] > command requires scopes: ["email","openid","https://www.googleapis.com/auth/cloudplatformprojects.readonly","https://www.googleapis.com/auth/firebase","https://www.googleapis.com/auth/cloud-platform","https://www.googleapis.com/auth/userinfo.email"]
[debug] [2025-11-13T04:36:11.271Z] > authorizing via signed-in user (ooo.solomon@bk.ru)
[error] Failed to fetch Firebase Project from Studio Workspace because WORKSPACE_SLUG environment variable is empty
[error] Failed to fetch Firebase Project from Studio Workspace because WORKSPACE_SLUG environment variable is empty
[debug] [2025-11-13T04:36:11.282Z] > command requires scopes: ["email","openid","https://www.googleapis.com/auth/cloudplatformprojects.readonly","https://www.googleapis.com/auth/firebase","https://www.googleapis.com/auth/cloud-platform","https://www.googleapis.com/auth/userinfo.email"]
[debug] [2025-11-13T04:36:11.282Z] > authorizing via signed-in user (ooo.solomon@bk.ru)
[info] 
=== Dataconnect Setup Actuation
[debug] [2025-11-13T04:36:11.285Z] No OAuth tokens found
[debug] [2025-11-13T04:36:11.285Z] No OAuth tokens found
[debug] [2025-11-13T04:36:11.287Z] > command requires scopes: ["email","openid","https://www.googleapis.com/auth/cloudplatformprojects.readonly","https://www.googleapis.com/auth/firebase","https://www.googleapis.com/auth/cloud-platform","https://www.googleapis.com/auth/userinfo.email"]
[debug] [2025-11-13T04:36:11.287Z] > authorizing via signed-in user (ooo.solomon@bk.ru)
[debug] [2025-11-13T04:36:11.287Z] >>> [apiv2][query] GET https://cloudbilling.googleapis.com/v1/projects/gidra-2025/billingInfo [none]
[debug] [2025-11-13T04:36:11.418Z] <<< [apiv2][status] GET https://cloudbilling.googleapis.com/v1/projects/gidra-2025/billingInfo 200
[debug] [2025-11-13T04:36:11.418Z] <<< [apiv2][body] GET https://cloudbilling.googleapis.com/v1/projects/gidra-2025/billingInfo {"name":"projects/gidra-2025/billingInfo","projectId":"gidra-2025","billingAccountName":"","billingEnabled":false}
[debug] [2025-11-13T04:36:11.422Z] No OAuth tokens found
[debug] [2025-11-13T04:36:11.431Z] No OAuth tokens found
[debug] [2025-11-13T04:36:11.431Z] > command requires scopes: ["email","openid","https://www.googleapis.com/auth/cloudplatformprojects.readonly","https://www.googleapis.com/auth/firebase","https://www.googleapis.com/auth/cloud-platform","https://www.googleapis.com/auth/userinfo.email"]
[debug] [2025-11-13T04:36:11.431Z] > authorizing via signed-in user (ooo.solomon@bk.ru)
[debug] [2025-11-13T04:36:11.432Z] >>> [apiv2][query] GET https://firebasedataconnect.googleapis.com/v1/projects/gidra-2025/locations/us-central1/services/api/schemas/main [none]
[debug] [2025-11-13T04:36:11.772Z] <<< [apiv2][status] GET https://firebasedataconnect.googleapis.com/v1/projects/gidra-2025/locations/us-central1/services/api/schemas/main 200
[debug] [2025-11-13T04:36:11.779Z] <<< [apiv2][body] GET https://firebasedataconnect.googleapis.com/v1/projects/gidra-2025/locations/us-central1/services/api/schemas/main {"name":"projects/gidra-2025/locations/us-central1/services/api/schemas/main","createTime":"2025-11-13T04:35:42.884784165Z","updateTime":"2025-11-13T04:35:43.186741336Z","source":{"files":[{"path":"schema.gql","content":"type User @table {\n  displayName: String!\n  createdAt: Timestamp!\n  email: String\n  photoUrl: String\n}\n\ntype SystemType @table {\n  user: User\n  name: String!\n  createdAt: Timestamp!\n  description: String\n}\n\ntype Component @table {\n  user: User\n  systemType: SystemType\n  name: String!\n  unitCost: Float!\n  createdAt: Timestamp!\n  description: String\n  category: String\n}\n\ntype LaborRate @table {\n  user: User\n  roleName: String!\n  hourlyRate: Float!\n  createdAt: Timestamp!\n  description: String\n}\n\ntype Project @table {\n  user: User\n  name: String!\n  createdAt: Timestamp!\n  updatedAt: Timestamp!\n  description: String\n  overheadPercentage: Float\n  profitMarginPercentage: Float\n}\n\ntype ProjectSystem @table {\n  project: Project\n  systemType: SystemType\n  quantity: Int!\n  estimatedLaborHours: Float!\n  createdAt: Timestamp!\n}\n\ntype ProjectComponent @table {\n  projectSystem: ProjectSystem\n  component: Component\n  quantity: Int!\n  createdAt: Timestamp!\n}"}]},"uid":"1ee1a957-0b22-48d1-807f-a0599da06849","reconciling":false,"datasources":[{"postgresql":{"ephemeral":true}}],"etag":"TjTcT0dvK95IgqsbpcdIjHjJ8cPTJsq2pUonz95anJE"}
[debug] [2025-11-13T04:36:11.785Z] No OAuth tokens found
[debug] [2025-11-13T04:36:11.785Z] No OAuth tokens found
[debug] [2025-11-13T04:36:11.785Z] > command requires scopes: ["email","openid","https://www.googleapis.com/auth/cloudplatformprojects.readonly","https://www.googleapis.com/auth/firebase","https://www.googleapis.com/auth/cloud-platform","https://www.googleapis.com/auth/userinfo.email"]
[debug] [2025-11-13T04:36:11.786Z] > authorizing via signed-in user (ooo.solomon@bk.ru)
[debug] [2025-11-13T04:36:11.790Z] >>> [apiv2][query] GET https://firebasedataconnect.googleapis.com/v1/projects/gidra-2025/locations/us-central1/services/api/connectors pageSize=100&pageToken=&fields=connectors.name%2Cconnectors.source.files
[debug] [2025-11-13T04:36:11.878Z] <<< [apiv2][status] GET https://firebasedataconnect.googleapis.com/v1/projects/gidra-2025/locations/us-central1/services/api/connectors 200
[debug] [2025-11-13T04:36:11.879Z] <<< [apiv2][body] GET https://firebasedataconnect.googleapis.com/v1/projects/gidra-2025/locations/us-central1/services/api/connectors {}
[info] ✔  Wrote dataconnect/dataconnect.yaml 
[info] ✔  Wrote dataconnect/schema/schema.gql 
[info] ✔  Wrote dataconnect/example/connector.yaml 
[info] ✔  Wrote dataconnect/example/connector.yaml 
[info] i  dataconnect: Installing the generated SDKs ... 
[info] i  dataconnect: downloading dataconnect-emulator-2.17.0... {"metadata":{"emulator":{"name":"dataconnect"},"message":"downloading dataconnect-emulator-2.17.0..."}}
[debug] [2025-11-13T04:36:12.137Z] >>> [apiv2][query] GET https://storage.googleapis.com/firemat-preview-drop/emulator/dataconnect-emulator-linux-amd64-v2.17.0 
[debug] [2025-11-13T04:36:12.274Z] <<< [apiv2][status] GET https://storage.googleapis.com/firemat-preview-drop/emulator/dataconnect-emulator-linux-amd64-v2.17.0 200
[debug] [2025-11-13T04:36:12.275Z] <<< [apiv2][body] GET https://storage.googleapis.com/firemat-preview-drop/emulator/dataconnect-emulator-linux-amd64-v2.17.0 [stream]
[debug] [2025-11-13T04:36:16.821Z] defaultcredentials: no credential available.
[error] ⬢  dataconnect: Failed to generate Data Connect SDKs
Command failed with exit code 1 
[info] ✔  dataconnect: Installed generated SDKs for . (web) 
[info] i  Visit https://firebase.google.com/docs/data-connect/web-sdk#react for more information on how to set up React Generated SDKs for Firebase Data Connect 
[info] ✔  Wrote configuration info to firebase.json 
[info] ✔  Wrote project information to .firebaserc 
